2025-06-30 09:35:49,741 [INFO] Activator:176 - 


2025-06-30 09:35:49,745 [INFO] Activator:177 - !SESSION log4j initialized
2025-06-30 09:35:53,096 [ERROR] LogOutputStream:75 - [STDERR_REDIRECT] 6월 30, 2025 9:35:53 오전 org.apache.lucene.internal.vectorization.VectorizationProvider lookup
2025-06-30 09:35:53,098 [ERROR] LogOutputStream:75 - [STDERR_REDIRECT] 경고: Java vector incubator module is not readable. For optimal vector performance, pass '--add-modules jdk.incubator.vector' to enable Vector API.
2025-06-30 09:35:53,098 [ERROR] LogOutputStream:75 - [STDERR_REDIRECT] 
2025-06-30 09:35:54,121 [INFO] LogOutputStream:77 - [STDOUT_REDIRECT] 
2025-06-30 09:35:55,774 [INFO] ApplicationProperties:184 - Using Application install path: C:\ST\STM32CubeIDE_1.18.1\STM32CubeIDE\plugins\com.st.stm32cube.common.mx_6.14.1.202504091515
2025-06-30 09:35:55,788 [INFO] DbMcusXml:78 - Set database path to: C:\ST\STM32CubeIDE_1.18.1\STM32CubeIDE\plugins\com.st.stm32cube.common.mx_6.14.1.202504091515\\db\/mcu/
2025-06-30 09:35:55,788 [INFO] ApiDb:274 - Set plugin database path to: C:\ST\STM32CubeIDE_1.18.1\STM32CubeIDE\plugins\com.st.stm32cube.common.mx_6.14.1.202504091515\\db\/plugins/boardmanager/
2025-06-30 09:35:55,788 [WARN] ApiDb:259 - Overriding images path with different value:  => C:\ST\STM32CubeIDE_1.18.1\STM32CubeIDE\plugins\com.st.stm32cube.common.mx_6.14.1.202504091515\\db\/plugins/mcufinder/images/
2025-06-30 09:35:55,795 [INFO] ApiDb:250 - Set database path to: C:\Users\kccistc\.stmcufinder\plugins\mcufinder//mcu/
2025-06-30 09:35:55,797 [INFO] DbMcusAds:125 - Set database path to: C:\Users\kccistc\.stmcufinder\plugins\mcufinder//mcu/
2025-06-30 09:35:55,798 [INFO] CrossReferenceDbSqlite:203 - Set database path to: C:\Users\kccistc\.stmcufinder\plugins\mcufinder//mcu/cs/
2025-06-30 09:35:55,888 [INFO] RulesReader:64 - Compatibility file has been processed (302 Rules)
2025-06-30 09:35:55,959 [INFO] DbMcusXml:78 - Set database path to: C:\ST\STM32CubeIDE_1.18.1\STM32CubeIDE\plugins\com.st.stm32cube.common.mx_6.14.1.202504091515\\db\/mcu/
2025-06-30 09:35:55,959 [INFO] ApiDb:274 - Set plugin database path to: C:\ST\STM32CubeIDE_1.18.1\STM32CubeIDE\plugins\com.st.stm32cube.common.mx_6.14.1.202504091515\\db\/plugins/boardmanager/
2025-06-30 09:35:55,959 [INFO] ApiDb:261 - Set plugin images path to: C:\ST\STM32CubeIDE_1.18.1\STM32CubeIDE\plugins\com.st.stm32cube.common.mx_6.14.1.202504091515\\db\/plugins/mcufinder/images/
2025-06-30 09:35:55,959 [WARN] DbFile:41 - Overriding database path with different value: C:\Users\kccistc\.stmcufinder\plugins\mcufinder/ => C:\Users\kccistc\.stmcufinder\plugins\mcufinder
2025-06-30 09:35:55,959 [INFO] ApiDb:250 - Set database path to: C:\Users\kccistc\.stmcufinder\plugins\mcufinder//mcu/
2025-06-30 09:35:55,959 [WARN] DbFile:41 - Overriding database path with different value: C:\Users\kccistc\.stmcufinder\plugins\mcufinder/ => C:\Users\kccistc\.stmcufinder\plugins\mcufinder
2025-06-30 09:35:55,959 [INFO] DbMcusAds:125 - Set database path to: C:\Users\kccistc\.stmcufinder\plugins\mcufinder//mcu/
2025-06-30 09:35:55,959 [WARN] DbFile:41 - Overriding database path with different value: C:\Users\kccistc\.stmcufinder\plugins\mcufinder/ => C:\Users\kccistc\.stmcufinder\plugins\mcufinder
2025-06-30 09:35:55,959 [WARN] DbFile:41 - Overriding database path with different value: C:\Users\kccistc\.stmcufinder\plugins\mcufinder/ => C:\Users\kccistc\.stmcufinder\plugins\mcufinder
2025-06-30 09:35:55,960 [INFO] CrossReferenceDbSqlite:203 - Set database path to: C:\Users\kccistc\.stmcufinder\plugins\mcufinder//mcu/cs/
2025-06-30 09:35:56,023 [INFO] MainPanel:272 - HeapMemory: 268435456
2025-06-30 09:35:56,118 [INFO] DbMcusXml:78 - Set database path to: C:\ST\STM32CubeIDE_1.18.1\STM32CubeIDE\plugins\com.st.stm32cube.common.mx_6.14.1.202504091515\\db\/mcu/
2025-06-30 09:35:56,118 [INFO] ApiDb:274 - Set plugin database path to: C:\ST\STM32CubeIDE_1.18.1\STM32CubeIDE\plugins\com.st.stm32cube.common.mx_6.14.1.202504091515\\db\/plugins/boardmanager/
2025-06-30 09:35:56,118 [INFO] ApiDb:261 - Set plugin images path to: C:\ST\STM32CubeIDE_1.18.1\STM32CubeIDE\plugins\com.st.stm32cube.common.mx_6.14.1.202504091515\\db\/plugins/mcufinder/images/
2025-06-30 09:35:56,119 [WARN] DbFile:41 - Overriding database path with different value: C:\Users\kccistc\.stmcufinder\plugins\mcufinder/ => C:\Users\kccistc\.stmcufinder\plugins\mcufinder
2025-06-30 09:35:56,119 [INFO] ApiDb:250 - Set database path to: C:\Users\kccistc\.stmcufinder\plugins\mcufinder//mcu/
2025-06-30 09:35:56,119 [WARN] DbFile:41 - Overriding database path with different value: C:\Users\kccistc\.stmcufinder\plugins\mcufinder/ => C:\Users\kccistc\.stmcufinder\plugins\mcufinder
2025-06-30 09:35:56,119 [INFO] DbMcusAds:125 - Set database path to: C:\Users\kccistc\.stmcufinder\plugins\mcufinder//mcu/
2025-06-30 09:35:56,119 [WARN] DbFile:41 - Overriding database path with different value: C:\Users\kccistc\.stmcufinder\plugins\mcufinder/ => C:\Users\kccistc\.stmcufinder\plugins\mcufinder
2025-06-30 09:35:56,119 [WARN] DbFile:41 - Overriding database path with different value: C:\Users\kccistc\.stmcufinder\plugins\mcufinder/ => C:\Users\kccistc\.stmcufinder\plugins\mcufinder
2025-06-30 09:35:56,119 [INFO] CrossReferenceDbSqlite:203 - Set database path to: C:\Users\kccistc\.stmcufinder\plugins\mcufinder//mcu/cs/
2025-06-30 09:35:56,134 [INFO] ApplicationProperties:184 - Using Application install path: C:\ST\STM32CubeIDE_1.18.1\STM32CubeIDE\plugins\com.st.stm32cube.common.mx_6.14.1.202504091515
2025-06-30 09:35:56,135 [INFO] PluginManage:196 - Search for loadable plugins [exclusion list=, ]
2025-06-30 09:35:56,137 [INFO] PluginManage:310 - Check plugin analytics
2025-06-30 09:35:56,280 [INFO] AnalyticsPlugin:253 - Accepted Software Licenses: 
2025-06-30 09:35:56,280 [INFO] AnalyticsPlugin:255 - Accepted CMSIS Pack Licenses: 
2025-06-30 09:35:56,280 [INFO] AnalyticsPlugin:257 - Accepted Firmware Licenses: FW.F4.1.28.0
2025-06-30 09:35:56,282 [INFO] PluginManage:359 - Loaded plugin analytics (category:tool,tabindex:-1)
2025-06-30 09:35:56,283 [INFO] PluginManage:310 - Check plugin cadmodel
2025-06-30 09:35:56,287 [INFO] CADModel:105 - Init CAD model plugin
2025-06-30 09:35:56,287 [INFO] PluginManage:359 - Loaded plugin cadmodel (category:power,tabindex:5)
2025-06-30 09:35:56,288 [INFO] PluginManage:310 - Check plugin clock
2025-06-30 09:35:56,294 [INFO] PluginManage:359 - Loaded plugin clock (category:base,tabindex:2)
2025-06-30 09:35:56,295 [INFO] PluginManage:310 - Check plugin ddr
2025-06-30 09:35:56,298 [INFO] PluginManage:359 - Loaded plugin ddr (category:tool,tabindex:6)
2025-06-30 09:35:56,298 [INFO] PluginManage:310 - Check plugin filemanager
2025-06-30 09:35:56,438 [INFO] PluginManage:359 - Loaded plugin filemanager (category:base,tabindex:10)
2025-06-30 09:35:56,438 [INFO] PluginManage:310 - Check plugin ipmanager
2025-06-30 09:35:56,443 [INFO] PluginManage:359 - Loaded plugin ipmanager (category:base,tabindex:5)
2025-06-30 09:35:56,443 [INFO] PluginManage:310 - Check plugin lpbam
2025-06-30 09:35:56,450 [INFO] PluginManage:359 - Loaded plugin lpbam (category:base,tabindex:0)
2025-06-30 09:35:56,450 [INFO] PluginManage:310 - Check plugin memorymap
2025-06-30 09:35:56,461 [INFO] PluginManage:359 - Loaded plugin memorymap (category:base,tabindex:4)
2025-06-30 09:35:56,461 [INFO] PluginManage:310 - Check plugin pinoutandconfiguration
2025-06-30 09:35:56,468 [INFO] PluginManage:359 - Loaded plugin pinoutandconfiguration (category:base,tabindex:1)
2025-06-30 09:35:56,468 [INFO] PluginManage:310 - Check plugin pinoutconfig
2025-06-30 09:35:56,538 [WARN] SupportedApi:132 - Cannot load RTOS API schema: s4s-elt-must-match.1: The content of 'definitions' must match (annotation?, (simpleType | complexType)?, (unique | key | keyref)*)). A problem was found starting at: attribute.
2025-06-30 09:35:56,639 [INFO] PluginManage:359 - Loaded plugin pinoutconfig (category:base,tabindex:0)
2025-06-30 09:35:56,640 [INFO] PluginManage:310 - Check plugin power
2025-06-30 09:35:56,647 [INFO] PluginManage:359 - Loaded plugin power (category:power,tabindex:4)
2025-06-30 09:35:56,647 [INFO] PluginManage:310 - Check plugin projectmanager
2025-06-30 09:35:56,659 [INFO] PluginManage:359 - Loaded plugin projectmanager (category:projectmanager,tabindex:4)
2025-06-30 09:35:56,659 [INFO] PluginManage:310 - Check plugin rif
2025-06-30 09:35:56,664 [INFO] PluginManage:359 - Loaded plugin rif (category:base,tabindex:3)
2025-06-30 09:35:56,664 [INFO] PluginManage:310 - Check plugin thirdparty
2025-06-30 09:35:56,758 [WARN] IntegrityCheckThread:84 - waiting for thirdparty lock release [integrity check]
2025-06-30 09:35:56,758 [INFO] PluginManage:359 - Loaded plugin thirdparty (category:base,tabindex:-1)
2025-06-30 09:35:56,758 [INFO] PluginManage:310 - Check plugin tools
2025-06-30 09:35:56,759 [INFO] IntegrityCheckThread:86 - entering critical section [integrity check]
2025-06-30 09:35:56,759 [INFO] ThirdPartyUpdaterWithRetryManager:70 - Updater plugin not ready yet. [1/15]
2025-06-30 09:35:56,760 [INFO] PluginManage:359 - Loaded plugin tools (category:base,tabindex:7)
2025-06-30 09:35:56,760 [INFO] PluginManage:310 - Check plugin tutovideos
2025-06-30 09:35:56,891 [INFO] PluginManage:359 - Loaded plugin tutovideos (category:base,tabindex:-1)
2025-06-30 09:35:56,891 [INFO] PluginManage:310 - Check plugin updater
2025-06-30 09:35:56,909 [INFO] PluginManage:359 - Loaded plugin updater (category:base,tabindex:12)
2025-06-30 09:35:56,909 [INFO] PluginManage:310 - Check plugin userauth
2025-06-30 09:35:56,912 [INFO] UserAuth:118 - Init User Auth plugin
2025-06-30 09:35:56,913 [INFO] PluginManage:359 - Loaded plugin userauth (category:base,tabindex:14)
2025-06-30 09:35:56,913 [INFO] PluginManage:283 - PluginManage : Loaded plugins [18]
2025-06-30 09:35:57,073 [INFO] PinOutPanel:1589 - setPackage(No Configuration,No Configuration)
2025-06-30 09:35:57,137 [INFO] CADModel:165 - CPN selected for project level
2025-06-30 09:35:57,137 [INFO] CADModel:114 - Register for checkConnection events
2025-06-30 09:35:57,152 [INFO] IPUIPlugin:80 - create IPUIPlugin
2025-06-30 09:35:57,153 [INFO] PluginManager:220 - loadIPPluginJar : add adc
2025-06-30 09:35:57,155 [INFO] IPUIPlugin:80 - create IPUIPlugin
2025-06-30 09:35:57,155 [INFO] PluginManager:220 - loadIPPluginJar : add aes
2025-06-30 09:35:57,158 [INFO] IPUIPlugin:80 - create IPUIPlugin
2025-06-30 09:35:57,158 [INFO] PluginManager:220 - loadIPPluginJar : add can
2025-06-30 09:35:57,160 [INFO] IPUIPlugin:80 - create IPUIPlugin
2025-06-30 09:35:57,160 [INFO] PluginManager:220 - loadIPPluginJar : add comp
2025-06-30 09:35:57,162 [INFO] IPUIPlugin:80 - create IPUIPlugin
2025-06-30 09:35:57,162 [INFO] PluginManager:220 - loadIPPluginJar : add cryp
2025-06-30 09:35:57,164 [INFO] IPUIPlugin:80 - create IPUIPlugin
2025-06-30 09:35:57,164 [INFO] PluginManager:220 - loadIPPluginJar : add ddr_ctrl_phy
2025-06-30 09:35:57,167 [INFO] IPUIPlugin:80 - create IPUIPlugin
2025-06-30 09:35:57,167 [INFO] PluginManager:220 - loadIPPluginJar : add dfsdm
2025-06-30 09:35:57,171 [INFO] IPUIPlugin:80 - create IPUIPlugin
2025-06-30 09:35:57,171 [INFO] PluginManager:220 - loadIPPluginJar : add dma
2025-06-30 09:35:57,173 [INFO] IPUIPlugin:80 - create IPUIPlugin
2025-06-30 09:35:57,174 [INFO] PluginManager:220 - loadIPPluginJar : add dma3
2025-06-30 09:35:57,177 [INFO] IPUIPlugin:80 - create IPUIPlugin
2025-06-30 09:35:57,177 [INFO] PluginManager:220 - loadIPPluginJar : add extmemmanager
2025-06-30 09:35:57,178 [INFO] IPUIPlugin:80 - create IPUIPlugin
2025-06-30 09:35:57,179 [INFO] PluginManager:220 - loadIPPluginJar : add fatfs
2025-06-30 09:35:57,182 [INFO] IPUIPlugin:80 - create IPUIPlugin
2025-06-30 09:35:57,182 [INFO] PluginManager:220 - loadIPPluginJar : add fmc
2025-06-30 09:35:57,187 [INFO] IPUIPlugin:80 - create IPUIPlugin
2025-06-30 09:35:57,187 [INFO] PluginManager:220 - loadIPPluginJar : add freertos
2025-06-30 09:35:57,188 [INFO] IPUIPlugin:80 - create IPUIPlugin
2025-06-30 09:35:57,188 [INFO] PluginManager:220 - loadIPPluginJar : add genericplugin
2025-06-30 09:35:57,190 [INFO] IPUIPlugin:80 - create IPUIPlugin
2025-06-30 09:35:57,190 [INFO] PluginManager:220 - loadIPPluginJar : add gfxmmu
2025-06-30 09:35:57,194 [INFO] IPUIPlugin:80 - create IPUIPlugin
2025-06-30 09:35:57,195 [INFO] PluginManager:220 - loadIPPluginJar : add gic
2025-06-30 09:35:57,197 [INFO] IPUIPlugin:80 - create IPUIPlugin
2025-06-30 09:35:57,197 [INFO] PluginManager:220 - loadIPPluginJar : add gpio
2025-06-30 09:35:57,200 [INFO] IPUIPlugin:80 - create IPUIPlugin
2025-06-30 09:35:57,200 [INFO] PluginManager:220 - loadIPPluginJar : add gtzc
2025-06-30 09:35:57,202 [INFO] IPUIPlugin:80 - create IPUIPlugin
2025-06-30 09:35:57,202 [INFO] PluginManager:220 - loadIPPluginJar : add hash
2025-06-30 09:35:57,204 [INFO] IPUIPlugin:80 - create IPUIPlugin
2025-06-30 09:35:57,204 [INFO] PluginManager:220 - loadIPPluginJar : add i2c
2025-06-30 09:35:57,207 [INFO] IPUIPlugin:80 - create IPUIPlugin
2025-06-30 09:35:57,207 [INFO] PluginManager:220 - loadIPPluginJar : add i2s
2025-06-30 09:35:57,209 [INFO] IPUIPlugin:80 - create IPUIPlugin
2025-06-30 09:35:57,209 [INFO] PluginManager:220 - loadIPPluginJar : add i3c
2025-06-30 09:35:57,213 [INFO] IPUIPlugin:80 - create IPUIPlugin
2025-06-30 09:35:57,213 [INFO] PluginManager:220 - loadIPPluginJar : add ipddr
2025-06-30 09:35:57,217 [INFO] IPUIPlugin:80 - create IPUIPlugin
2025-06-30 09:35:57,217 [INFO] PluginManager:220 - loadIPPluginJar : add linkedlist
2025-06-30 09:35:57,221 [INFO] IPUIPlugin:80 - create IPUIPlugin
2025-06-30 09:35:57,221 [INFO] PluginManager:220 - loadIPPluginJar : add lorawan
2025-06-30 09:35:57,223 [INFO] IPUIPlugin:80 - create IPUIPlugin
2025-06-30 09:35:57,223 [INFO] PluginManager:220 - loadIPPluginJar : add ltdc
2025-06-30 09:35:57,228 [INFO] IPUIPlugin:80 - create IPUIPlugin
2025-06-30 09:35:57,228 [INFO] PluginManager:220 - loadIPPluginJar : add mdma
2025-06-30 09:35:57,231 [INFO] IPUIPlugin:80 - create IPUIPlugin
2025-06-30 09:35:57,231 [INFO] PluginManager:220 - loadIPPluginJar : add nvic
2025-06-30 09:35:57,233 [INFO] IPUIPlugin:80 - create IPUIPlugin
2025-06-30 09:35:57,233 [INFO] PluginManager:220 - loadIPPluginJar : add opamp
2025-06-30 09:35:57,236 [INFO] IPUIPlugin:80 - create IPUIPlugin
2025-06-30 09:35:57,236 [INFO] PluginManager:220 - loadIPPluginJar : add openamp
2025-06-30 09:35:57,238 [INFO] IPUIPlugin:80 - create IPUIPlugin
2025-06-30 09:35:57,238 [INFO] PluginManager:220 - loadIPPluginJar : add pdm2pcm
2025-06-30 09:35:57,242 [INFO] IPUIPlugin:80 - create IPUIPlugin
2025-06-30 09:35:57,244 [INFO] PluginManager:220 - loadIPPluginJar : add plateformsettings
2025-06-30 09:35:57,246 [INFO] IPUIPlugin:80 - create IPUIPlugin
2025-06-30 09:35:57,247 [INFO] PluginManager:220 - loadIPPluginJar : add quadspi
2025-06-30 09:35:57,248 [INFO] IPUIPlugin:80 - create IPUIPlugin
2025-06-30 09:35:57,249 [INFO] PluginManager:220 - loadIPPluginJar : add radio
2025-06-30 09:35:57,252 [INFO] IPUIPlugin:80 - create IPUIPlugin
2025-06-30 09:35:57,252 [INFO] PluginManager:220 - loadIPPluginJar : add resmgrutility
2025-06-30 09:35:57,254 [INFO] IPUIPlugin:80 - create IPUIPlugin
2025-06-30 09:35:57,254 [INFO] PluginManager:220 - loadIPPluginJar : add sai
2025-06-30 09:35:57,256 [INFO] IPUIPlugin:80 - create IPUIPlugin
2025-06-30 09:35:57,256 [INFO] PluginManager:220 - loadIPPluginJar : add spi
2025-06-30 09:35:57,261 [INFO] IPUIPlugin:80 - create IPUIPlugin
2025-06-30 09:35:57,261 [INFO] PluginManager:220 - loadIPPluginJar : add stm32_wpan
2025-06-30 09:35:57,264 [INFO] IPUIPlugin:80 - create IPUIPlugin
2025-06-30 09:35:57,264 [INFO] PluginManager:220 - loadIPPluginJar : add tim
2025-06-30 09:35:57,267 [INFO] IPUIPlugin:80 - create IPUIPlugin
2025-06-30 09:35:57,267 [INFO] PluginManager:220 - loadIPPluginJar : add touchsensing
2025-06-30 09:35:57,269 [INFO] IPUIPlugin:80 - create IPUIPlugin
2025-06-30 09:35:57,269 [INFO] PluginManager:220 - loadIPPluginJar : add tracer_emb
2025-06-30 09:35:57,270 [INFO] IPUIPlugin:80 - create IPUIPlugin
2025-06-30 09:35:57,270 [INFO] PluginManager:220 - loadIPPluginJar : add ts
2025-06-30 09:35:57,272 [INFO] IPUIPlugin:80 - create IPUIPlugin
2025-06-30 09:35:57,272 [INFO] PluginManager:220 - loadIPPluginJar : add tsc
2025-06-30 09:35:57,274 [INFO] IPUIPlugin:80 - create IPUIPlugin
2025-06-30 09:35:57,274 [INFO] PluginManager:220 - loadIPPluginJar : add ucpd
2025-06-30 09:35:57,277 [INFO] IPUIPlugin:80 - create IPUIPlugin
2025-06-30 09:35:57,277 [INFO] PluginManager:220 - loadIPPluginJar : add usart
2025-06-30 09:35:57,279 [INFO] IPUIPlugin:80 - create IPUIPlugin
2025-06-30 09:35:57,279 [INFO] PluginManager:220 - loadIPPluginJar : add usbx
2025-06-30 09:35:57,388 [FATAL] Updater:351 - Updater called before beeing initialized
2025-06-30 09:35:57,410 [INFO] RulesReader:64 - Compatibility file has been processed (302 Rules)
2025-06-30 09:35:57,420 [INFO] RulesReader:64 - Compatibility file has been processed (302 Rules)
2025-06-30 09:35:57,430 [INFO] CADModel:165 - CPN selected for project level
2025-06-30 09:35:57,431 [INFO] CADModel:114 - Register for checkConnection events
2025-06-30 09:35:57,431 [FATAL] Updater:351 - Updater called before beeing initialized
2025-06-30 09:35:57,431 [ERROR] CADModel:125 - Updater not yet initialized, retry later 
2025-06-30 09:35:57,547 [FATAL] Updater:351 - Updater called before beeing initialized
2025-06-30 09:35:57,548 [INFO] CADModel:165 - CPN selected for project level
2025-06-30 09:35:57,548 [INFO] CADModel:114 - Register for checkConnection events
2025-06-30 09:35:57,548 [FATAL] Updater:351 - Updater called before beeing initialized
2025-06-30 09:35:57,548 [ERROR] CADModel:125 - Updater not yet initialized, retry later 
2025-06-30 09:35:57,551 [FATAL] Updater:351 - Updater called before beeing initialized
2025-06-30 09:35:57,658 [FATAL] Updater:351 - Updater called before beeing initialized
2025-06-30 09:35:57,661 [INFO] DbMcusAds:53 - JSON generation date=Thu Jun 19 17:32:34 KST 2025 (1750321954415)
2025-06-30 09:35:57,661 [FATAL] Updater:351 - Updater called before beeing initialized
2025-06-30 09:35:57,688 [WARN] DetailPanel:346 - Failed to get advertising image, set to default
2025-06-30 09:35:57,839 [FATAL] Updater:351 - Updater called before beeing initialized
2025-06-30 09:35:57,841 [FATAL] Updater:351 - Updater called before beeing initialized
2025-06-30 09:35:57,841 [FATAL] Updater:351 - Updater called before beeing initialized
2025-06-30 09:35:57,842 [WARN] DetailPanel:346 - Failed to get advertising image, set to default
2025-06-30 09:35:57,842 [FATAL] Updater:351 - Updater called before beeing initialized
2025-06-30 09:35:57,877 [ERROR] Updater:1198 - MainUpdater not yet initialized. External WinMGr cannot be set.
2025-06-30 09:35:57,879 [INFO] Updater:1134 - Updater Version found : 6.14.1
2025-06-30 09:35:57,893 [INFO] ApplicationProperties:184 - Using Application install path: C:\ST\STM32CubeIDE_1.18.1\STM32CubeIDE\plugins\com.st.stm32cube.common.mx_6.14.1.202504091515
2025-06-30 09:35:59,456 [ERROR] LogOutputStream:75 - [STDERR_REDIRECT] Jun 30, 2025 9:35:59 AM java.util.prefs.WindowsPreferences <init>
2025-06-30 09:35:59,457 [ERROR] LogOutputStream:75 - [STDERR_REDIRECT] WARNING: Could not open/create prefs root node Software\JavaSoft\Prefs at root 0xffffffff80000002. Windows RegCreateKeyEx(...) returned error code 5.
2025-06-30 09:35:59,457 [ERROR] LogOutputStream:75 - [STDERR_REDIRECT] 
2025-06-30 09:35:59,760 [INFO] ThirdPartyUpdaterWithRetryManager:70 - Updater plugin not ready yet. [2/15]
2025-06-30 09:35:59,791 [INFO] MainUpdater:2872 - connection check result : 10
2025-06-30 09:35:59,792 [INFO] MainUpdater:289 - Updater Check For Update Now.
2025-06-30 09:35:59,792 [INFO] MicroXplorer:498 - Change Database Version : DB.6.0.141
2025-06-30 09:35:59,808 [INFO] McuFinderGlobals:63 - Set McuFinder mode to 2 (CubeIDE integrated)
2025-06-30 09:35:59,809 [INFO] UserAuth:484 - Internet connection configuration mode: 1
2025-06-30 09:35:59,840 [INFO] JxBrowserEngine:152 - Initiate JxBrowser Engine with user profile folder
2025-06-30 09:35:59,960 [INFO] CheckServerUpdateThread:120 - End of CheckServer Thread
2025-06-30 09:36:01,093 [INFO] WebApp:169 - Instantiating new browser for Auth
2025-06-30 09:36:01,631 [INFO] WebApp:463 - Apply proxy settings
2025-06-30 09:36:01,631 [INFO] WebApp:548 - Chromium requires no authentication
2025-06-30 09:36:01,642 [INFO] WebApp:491 - Direct internet connection detected
2025-06-30 09:36:01,668 [INFO] WebApp:894 - Register for checkConnection events
2025-06-30 09:36:01,668 [INFO] WebApp:463 - Apply proxy settings
2025-06-30 09:36:01,668 [INFO] WebApp:548 - Chromium requires no authentication
2025-06-30 09:36:01,668 [INFO] WebApp:491 - Direct internet connection detected
2025-06-30 09:36:01,792 [INFO] WebApp:225 - Starting web application
2025-06-30 09:36:01,792 [INFO] WebApp:593 - Web application path used C:\ST\STM32CubeIDE_1.18.1\STM32CubeIDE\plugins\com.st.stm32cube.common.mx_6.14.1.202504091515\db\plugins\mcufinder\reactClient1\index.html
2025-06-30 09:36:01,939 [INFO] UserAuth:484 - Internet connection configuration mode: 1
2025-06-30 09:36:01,962 [INFO] WebApp:191 - Connection restablished
2025-06-30 09:36:02,915 [WARN] PackLoader:240 - Cannot read IP mode file for STMicroelectronics.FP-SNS-MOTENVWB1.1.4.0
2025-06-30 09:36:02,921 [WARN] PackLoader:240 - Cannot read IP mode file for STMicroelectronics.FP-ATR-ASTRA1.2.0.2
2025-06-30 09:36:02,925 [WARN] PackLoader:240 - Cannot read IP mode file for STMicroelectronics.X-CUBE-SMBUS.2.1.0
2025-06-30 09:36:02,928 [WARN] PackLoader:240 - Cannot read IP mode file for STMicroelectronics.X-CUBE-ST60.1.0.0
2025-06-30 09:36:02,944 [WARN] PackLoader:240 - Cannot read IP mode file for STMicroelectronics.X-CUBE-AZRTOS-F7.1.1.0
2025-06-30 09:36:02,963 [WARN] PackLoader:240 - Cannot read IP mode file for Infineon.AIROC-Wi-Fi-Bluetooth-STM32.1.7.0
2025-06-30 09:36:02,973 [WARN] PackLoader:240 - Cannot read IP mode file for STMicroelectronics.X-CUBE-DISPLAY.3.0.0
2025-06-30 09:36:02,982 [WARN] PackLoader:240 - Cannot read IP mode file for STMicroelectronics.X-CUBE-NFC10.1.0.0
2025-06-30 09:36:03,003 [WARN] PackLoader:240 - Cannot read IP mode file for STMicroelectronics.X-CUBE-BLEMGR.4.0.0
2025-06-30 09:36:03,009 [WARN] PackLoader:240 - Cannot read IP mode file for emotas.I-CUBE-CANOPEN.1.3.0
2025-06-30 09:36:03,013 [WARN] ConditionMgr:438 - getConditionDescription Invalid condition id : Cortex-A Device cause : null
2025-06-30 09:36:03,022 [WARN] ConditionMgr:1044 - genDependencies : Invalid condition id : Cortex-A Device cause : null
2025-06-30 09:36:03,022 [WARN] ConditionMgr:1044 - genDependencies : Invalid condition id : Cortex-A Device cause : null
2025-06-30 09:36:03,022 [WARN] ConditionMgr:1044 - genDependencies : Invalid condition id : Cortex-A Device cause : null
2025-06-30 09:36:03,025 [WARN] PackLoader:240 - Cannot read IP mode file for STMicroelectronics.X-CUBE-AI.10.0.0
2025-06-30 09:36:03,029 [WARN] PackLoader:240 - Cannot read IP mode file for STMicroelectronics.FP-SNS-SMARTAG2.1.2.0
2025-06-30 09:36:03,032 [WARN] PackLoader:240 - Cannot read IP mode file for STMicroelectronics.FP-SNS-FLIGHT1.5.1.0
2025-06-30 09:36:03,040 [INFO] LogOutputStream:77 - [STDOUT_REDIRECT] 1 : Invalid condition id : UX_CORESTACK_Condition cause : null
2025-06-30 09:36:03,041 [INFO] LogOutputStream:77 - [STDOUT_REDIRECT] 1 : Invalid condition id : UX_CORESTACK_Condition cause : null
2025-06-30 09:36:03,041 [INFO] LogOutputStream:77 - [STDOUT_REDIRECT] 1 : Invalid condition id : UX_CORESTACK_Condition cause : null
2025-06-30 09:36:03,042 [INFO] LogOutputStream:77 - [STDOUT_REDIRECT] 1 : Invalid condition id : UX_CORESTACK_Condition cause : null
2025-06-30 09:36:03,043 [INFO] LogOutputStream:77 - [STDOUT_REDIRECT] 1 : Invalid condition id : UX_CORESTACK_Condition cause : null
2025-06-30 09:36:03,044 [WARN] PackLoader:240 - Cannot read IP mode file for STMicroelectronics.X-CUBE-AZRTOS-WL.2.0.0
2025-06-30 09:36:03,049 [WARN] PackLoader:240 - Cannot read IP mode file for STMicroelectronics.FP-SNS-MOTENV1.5.0.0
2025-06-30 09:36:03,056 [WARN] PackLoader:240 - Cannot read IP mode file for WES.I-CUBE-Cesium.1.3.0
2025-06-30 09:36:03,059 [WARN] PackLoader:240 - Cannot read IP mode file for STMicroelectronics.X-CUBE-BLE2.3.3.0
2025-06-30 09:36:03,063 [WARN] PackLoader:240 - Cannot read IP mode file for STMicroelectronics.X-CUBE-NFC9.1.0.0
2025-06-30 09:36:03,067 [WARN] PackLoader:240 - Cannot read IP mode file for wolfSSL.I-CUBE-wolfSSL.5.8.0
2025-06-30 09:36:03,070 [WARN] PackLoader:240 - Cannot read IP mode file for STMicroelectronics.X-CUBE-BLE1.7.1.0
2025-06-30 09:36:03,073 [WARN] PackLoader:240 - Cannot read IP mode file for wolfSSL.I-CUBE-wolfMQTT.1.19.2
2025-06-30 09:36:03,075 [WARN] PackLoader:240 - Cannot read IP mode file for STMicroelectronics.X-CUBE-AI.10.1.0
2025-06-30 09:36:03,099 [WARN] PackLoader:240 - Cannot read IP mode file for STMicroelectronics.X-CUBE-MEMS1.11.2.0
2025-06-30 09:36:03,216 [WARN] PackLoader:240 - Cannot read IP mode file for STMicroelectronics.X-CUBE-AZRTOS-G0.1.1.0
2025-06-30 09:36:03,248 [WARN] PackLoader:240 - Cannot read IP mode file for STMicroelectronics.X-CUBE-SAFEA1.1.2.2
2025-06-30 09:36:03,257 [WARN] PackLoader:240 - Cannot read IP mode file for STMicroelectronics.X-CUBE-NFC4.3.0.0
2025-06-30 09:36:03,272 [WARN] PackLoader:240 - Cannot read IP mode file for EmbeddedOffice.I-CUBE-FS-RTOS.1.0.1
2025-06-30 09:36:03,277 [WARN] PackLoader:240 - Cannot read IP mode file for STMicroelectronics.X-CUBE-WB05N.2.0.0
2025-06-30 09:36:03,280 [WARN] PackLoader:240 - Cannot read IP mode file for wolfSSL.I-CUBE-wolfTPM.3.8.0
2025-06-30 09:36:03,286 [WARN] PackLoader:240 - Cannot read IP mode file for STMicroelectronics.X-CUBE-TCPP.4.2.0
2025-06-30 09:36:03,292 [WARN] PackLoader:240 - Cannot read IP mode file for RealThread.X-CUBE-RT-Thread_Nano.4.1.1
2025-06-30 09:36:03,295 [WARN] PackLoader:240 - Cannot read IP mode file for STMicroelectronics.FP-ATR-SIGFOX1.3.2.0
2025-06-30 09:36:03,299 [WARN] PackLoader:240 - Cannot read IP mode file for STMicroelectronics.X-CUBE-EEPRMA1.5.1.0
2025-06-30 09:36:03,306 [WARN] PackLoader:240 - Cannot read IP mode file for ITTIA_DB.I-CUBE-ITTIADB.8.9.0
2025-06-30 09:36:03,312 [WARN] PackLoader:240 - Cannot read IP mode file for STMicroelectronics.X-CUBE-ST67W61.1.0.0
2025-06-30 09:36:03,337 [WARN] PackLoader:240 - Cannot read IP mode file for SEGGER.I-CUBE-embOS.1.3.1
2025-06-30 09:36:03,362 [WARN] PackLoader:240 - Cannot read IP mode file for STMicroelectronics.X-CUBE-ALGOBUILD.1.4.0
2025-06-30 09:36:03,391 [WARN] PackLoader:240 - Cannot read IP mode file for STMicroelectronics.X-CUBE-MEMS1.11.3.0
2025-06-30 09:36:03,458 [WARN] PackLoader:240 - Cannot read IP mode file for STMicroelectronics.X-CUBE-PM33A1.1.0.0
2025-06-30 09:36:03,467 [WARN] PackLoader:240 - Cannot read IP mode file for STMicroelectronics.X-CUBE-AZRTOS-F4.1.1.0
2025-06-30 09:36:03,473 [WARN] PackLoader:240 - Cannot read IP mode file for Avnet-IotConnect.X-CUBE-IoTC-DA16k-PMOD.1.0.0
2025-06-30 09:36:03,478 [WARN] PackLoader:240 - Cannot read IP mode file for STMicroelectronics.X-CUBE-ISPU.2.1.0
2025-06-30 09:36:03,490 [WARN] PackLoader:240 - Cannot read IP mode file for STMicroelectronics.X-CUBE-AZRTOS-L5.2.0.0
2025-06-30 09:36:03,496 [WARN] PackLoader:240 - Cannot read IP mode file for STMicroelectronics.X-CUBE-NFC6.3.1.0
2025-06-30 09:36:03,500 [WARN] PackLoader:240 - Cannot read IP mode file for STMicroelectronics.X-CUBE-FREERTOS.1.3.1
2025-06-30 09:36:03,504 [WARN] PackLoader:240 - Cannot read IP mode file for STMicroelectronics.FP-SNS-STAIOTCFT.1.0.0
2025-06-30 09:36:03,508 [WARN] PackLoader:240 - Cannot read IP mode file for STMicroelectronics.X-CUBE-DPower.1.3.0
2025-06-30 09:36:03,517 [WARN] ConditionMgr:438 - getConditionDescription Invalid condition id : LAN8742 Phy interface Condition cause : null
2025-06-30 09:36:03,518 [WARN] PackLoader:240 - Cannot read IP mode file for STMicroelectronics.X-CUBE-AZRTOS-L4.2.0.0
2025-06-30 09:36:03,519 [WARN] ConditionMgr:1044 - genDependencies : Invalid condition id : LAN8742 Phy interface Condition cause : null
2025-06-30 09:36:03,519 [WARN] ConditionMgr:1044 - genDependencies : Invalid condition id : LAN8742 Phy interface Condition cause : null
2025-06-30 09:36:03,520 [WARN] ConditionMgr:1044 - genDependencies : Invalid condition id : LAN8742 Phy interface Condition cause : null
2025-06-30 09:36:03,525 [WARN] PackLoader:240 - Cannot read IP mode file for STMicroelectronics.X-CUBE-SFXS2LP1.4.0.0
2025-06-30 09:36:03,540 [WARN] PackLoader:240 - Cannot read IP mode file for STMicroelectronics.X-CUBE-AZRTOS-H7.3.3.0
2025-06-30 09:36:03,548 [WARN] ConditionMgr:438 - getConditionDescription Invalid condition id : UX DEVICE CLASS RTOS Condition cause : null
2025-06-30 09:36:03,549 [WARN] ConditionMgr:438 - getConditionDescription Invalid condition id : UX DEVICE CLASS RTOS Condition cause : null
2025-06-30 09:36:03,550 [WARN] PackLoader:240 - Cannot read IP mode file for STMicroelectronics.X-CUBE-AZRTOS-WB.2.0.0
2025-06-30 09:36:03,551 [WARN] ConditionMgr:1044 - genDependencies : Invalid condition id : UX DEVICE CLASS RTOS Condition cause : null
2025-06-30 09:36:03,552 [WARN] ConditionMgr:1044 - genDependencies : Invalid condition id : UX DEVICE CLASS RTOS Condition cause : null
2025-06-30 09:36:03,552 [WARN] ConditionMgr:1044 - genDependencies : Invalid condition id : UX DEVICE CLASS RTOS Condition cause : null
2025-06-30 09:36:03,552 [WARN] ConditionMgr:1044 - genDependencies : Invalid condition id : UX DEVICE CLASS RTOS Condition cause : null
2025-06-30 09:36:03,553 [WARN] ConditionMgr:1044 - genDependencies : Invalid condition id : UX DEVICE CLASS RTOS Condition cause : null
2025-06-30 09:36:03,560 [WARN] PackLoader:240 - Cannot read IP mode file for STMicroelectronics.X-CUBE-GNSS1.7.0.1
2025-06-30 09:36:03,567 [WARN] PackLoader:240 - Cannot read IP mode file for STMicroelectronics.X-CUBE-TOUCHGFX.4.25.0
2025-06-30 09:36:03,573 [WARN] PackLoader:240 - Cannot read IP mode file for STMicroelectronics.FP-SNS-STBOX1.2.0.0
2025-06-30 09:36:03,587 [WARN] PackLoader:240 - Cannot read IP mode file for STMicroelectronics.X-CUBE-SUBG2.5.0.0
2025-06-30 09:36:03,600 [WARN] PackLoader:240 - Cannot read IP mode file for STMicroelectronics.X-CUBE-AZRTOS-H7RS.1.1.0
2025-06-30 09:36:03,605 [WARN] PackLoader:240 - Cannot read IP mode file for Cesanta.I-CUBE-Mongoose.7.13.0
2025-06-30 09:36:03,613 [WARN] PackLoader:240 - Cannot read IP mode file for STMicroelectronics.X-CUBE-AZRTOS-G4.2.0.0
2025-06-30 09:36:03,617 [WARN] PackLoader:240 - Cannot read IP mode file for wolfSSL.I-CUBE-wolfSSH.1.4.20
2025-06-30 09:36:03,621 [WARN] PackLoader:240 - Cannot read IP mode file for STMicroelectronics.X-CUBE-NFC7.2.0.0
2025-06-30 09:36:03,628 [WARN] PackLoader:240 - Cannot read IP mode file for STMicroelectronics.X-CUBE-IPS.3.1.0
2025-06-30 09:36:03,634 [WARN] PackLoader:240 - Cannot read IP mode file for STMicroelectronics.X-CUBE-ALS.1.0.2
2025-06-30 09:36:03,640 [WARN] PackLoader:240 - Cannot read IP mode file for portGmbH.I-Cube-SoM-uGOAL.1.1.0
2025-06-30 09:36:03,647 [WARN] PackLoader:240 - Cannot read IP mode file for STMicroelectronics.X-CUBE-TOF1.3.4.3
2025-06-30 09:36:03,652 [INFO] ThirdParty:978 - Integrity check success = true
2025-06-30 09:36:03,652 [INFO] IntegrityCheckThread:100 - exiting critical section [integrity check]
2025-06-30 09:36:03,652 [INFO] IntegrityCheckThread:103 - End integrity checks thread
2025-06-30 16:41:54,404 [ERROR] LogOutputStream:75 - [STDERR_REDIRECT] 
