12:29:51 **** Build of configuration Debug for project 0618LEDBlink ****
make -j16 all 
arm-none-eabi-gcc "../Drivers/STM32F4xx_HAL_Driver/Src/stm32f4xx_hal.c" -mcpu=cortex-m4 -std=gnu11 -g3 -DDEBUG -DUSE_HAL_DRIVER -DSTM32F411xE -c -I../Core/Inc -I../Drivers/STM32F4xx_HAL_Driver/Inc -I../Drivers/STM32F4xx_HAL_Driver/Inc/Legacy -I../Drivers/CMSIS/Device/ST/STM32F4xx/Include -I../Drivers/CMSIS/Include -O0 -ffunction-sections -fdata-sections -Wall -fstack-usage -fcyclomatic-complexity -MMD -MP -MF"Drivers/STM32F4xx_HAL_Driver/Src/stm32f4xx_hal.d" -MT"Drivers/STM32F4xx_HAL_Driver/Src/stm32f4xx_hal.o" --specs=nano.specs -mfpu=fpv4-sp-d16 -mfloat-abi=hard -mthumb -o "Drivers/STM32F4xx_HAL_Driver/Src/stm32f4xx_hal.o"
arm-none-eabi-gcc "../Drivers/STM32F4xx_HAL_Driver/Src/stm32f4xx_hal_cortex.c" -mcpu=cortex-m4 -std=gnu11 -g3 -DDEBUG -DUSE_HAL_DRIVER -DSTM32F411xE -c -I../Core/Inc -I../Drivers/STM32F4xx_HAL_Driver/Inc -I../Drivers/STM32F4xx_HAL_Driver/Inc/Legacy -I../Drivers/CMSIS/Device/ST/STM32F4xx/Include -I../Drivers/CMSIS/Include -O0 -ffunction-sections -fdata-sections -Wall -fstack-usage -fcyclomatic-complexity -MMD -MP -MF"Drivers/STM32F4xx_HAL_Driver/Src/stm32f4xx_hal_cortex.d" -MT"Drivers/STM32F4xx_HAL_Driver/Src/stm32f4xx_hal_cortex.o" --specs=nano.specs -mfpu=fpv4-sp-d16 -mfloat-abi=hard -mthumb -o "Drivers/STM32F4xx_HAL_Driver/Src/stm32f4xx_hal_cortex.o"
arm-none-eabi-gcc "../Drivers/STM32F4xx_HAL_Driver/Src/stm32f4xx_hal_dma.c" -mcpu=cortex-m4 -std=gnu11 -g3 -DDEBUG -DUSE_HAL_DRIVER -DSTM32F411xE -c -I../Core/Inc -I../Drivers/STM32F4xx_HAL_Driver/Inc -I../Drivers/STM32F4xx_HAL_Driver/Inc/Legacy -I../Drivers/CMSIS/Device/ST/STM32F4xx/Include -I../Drivers/CMSIS/Include -O0 -ffunction-sections -fdata-sections -Wall -fstack-usage -fcyclomatic-complexity -MMD -MP -MF"Drivers/STM32F4xx_HAL_Driver/Src/stm32f4xx_hal_dma.d" -MT"Drivers/STM32F4xx_HAL_Driver/Src/stm32f4xx_hal_dma.o" --specs=nano.specs -mfpu=fpv4-sp-d16 -mfloat-abi=hard -mthumb -o "Drivers/STM32F4xx_HAL_Driver/Src/stm32f4xx_hal_dma.o"
arm-none-eabi-gcc "../Drivers/STM32F4xx_HAL_Driver/Src/stm32f4xx_hal_pwr.c" -mcpu=cortex-m4 -std=gnu11 -g3 -DDEBUG -DUSE_HAL_DRIVER -DSTM32F411xE -c -I../Core/Inc -I../Drivers/STM32F4xx_HAL_Driver/Inc -I../Drivers/STM32F4xx_HAL_Driver/Inc/Legacy -I../Drivers/CMSIS/Device/ST/STM32F4xx/Include -I../Drivers/CMSIS/Include -O0 -ffunction-sections -fdata-sections -Wall -fstack-usage -fcyclomatic-complexity -MMD -MP -MF"Drivers/STM32F4xx_HAL_Driver/Src/stm32f4xx_hal_pwr.d" -MT"Drivers/STM32F4xx_HAL_Driver/Src/stm32f4xx_hal_pwr.o" --specs=nano.specs -mfpu=fpv4-sp-d16 -mfloat-abi=hard -mthumb -o "Drivers/STM32F4xx_HAL_Driver/Src/stm32f4xx_hal_pwr.o"
arm-none-eabi-gcc "../Drivers/STM32F4xx_HAL_Driver/Src/stm32f4xx_hal_rcc.c" -mcpu=cortex-m4 -std=gnu11 -g3 -DDEBUG -DUSE_HAL_DRIVER -DSTM32F411xE -c -I../Core/Inc -I../Drivers/STM32F4xx_HAL_Driver/Inc -I../Drivers/STM32F4xx_HAL_Driver/Inc/Legacy -I../Drivers/CMSIS/Device/ST/STM32F4xx/Include -I../Drivers/CMSIS/Include -O0 -ffunction-sections -fdata-sections -Wall -fstack-usage -fcyclomatic-complexity -MMD -MP -MF"Drivers/STM32F4xx_HAL_Driver/Src/stm32f4xx_hal_rcc.d" -MT"Drivers/STM32F4xx_HAL_Driver/Src/stm32f4xx_hal_rcc.o" --specs=nano.specs -mfpu=fpv4-sp-d16 -mfloat-abi=hard -mthumb -o "Drivers/STM32F4xx_HAL_Driver/Src/stm32f4xx_hal_rcc.o"
arm-none-eabi-gcc "../Drivers/STM32F4xx_HAL_Driver/Src/stm32f4xx_hal_rcc_ex.c" -mcpu=cortex-m4 -std=gnu11 -g3 -DDEBUG -DUSE_HAL_DRIVER -DSTM32F411xE -c -I../Core/Inc -I../Drivers/STM32F4xx_HAL_Driver/Inc -I../Drivers/STM32F4xx_HAL_Driver/Inc/Legacy -I../Drivers/CMSIS/Device/ST/STM32F4xx/Include -I../Drivers/CMSIS/Include -O0 -ffunction-sections -fdata-sections -Wall -fstack-usage -fcyclomatic-complexity -MMD -MP -MF"Drivers/STM32F4xx_HAL_Driver/Src/stm32f4xx_hal_rcc_ex.d" -MT"Drivers/STM32F4xx_HAL_Driver/Src/stm32f4xx_hal_rcc_ex.o" --specs=nano.specs -mfpu=fpv4-sp-d16 -mfloat-abi=hard -mthumb -o "Drivers/STM32F4xx_HAL_Driver/Src/stm32f4xx_hal_rcc_ex.o"
In file included from ../Drivers/STM32F4xx_HAL_Driver/Inc/stm32f4xx_hal_def.h:29,
                 from ../Drivers/STM32F4xx_HAL_Driver/Inc/stm32f4xx_hal_rcc.h:27,
                 from ../Core/Inc/stm32f4xx_hal_conf.h:275,
                 from ../Drivers/STM32F4xx_HAL_Driver/Inc/stm32f4xx_hal.h:29,
                 from ../Drivers/STM32F4xx_HAL_Driver/Src/stm32f4xx_hal_pwr.c:24:
../Drivers/STM32F4xx_HAL_Driver/Src/stm32f4xx_hal_pwr.c: In function 'HAL_PWR_EnterSLEEPMode':
../Drivers/STM32F4xx_HAL_Driver/Src/stm32f4xx_hal_pwr.c:401:13: error: 'SCB' undeclared (first use in this function)
  401 |   CLEAR_BIT(SCB->SCR, ((uint32_t)SCB_SCR_SLEEPDEEP_Msk));
      |             ^~~
../Drivers/CMSIS/Device/ST/STM32F4xx/Include/stm32f4xx.h:213:33: note: in definition of macro 'CLEAR_BIT'
  213 | #define CLEAR_BIT(REG, BIT)   ((REG) &= ~(BIT))
      |                                 ^~~
../Drivers/STM32F4xx_HAL_Driver/Src/stm32f4xx_hal_pwr.c:401:13: note: each undeclared identifier is reported only once for each function it appears in
  401 |   CLEAR_BIT(SCB->SCR, ((uint32_t)SCB_SCR_SLEEPDEEP_Msk));
      |             ^~~
../Drivers/CMSIS/Device/ST/STM32F4xx/Include/stm32f4xx.h:213:33: note: in definition of macro 'CLEAR_BIT'
  213 | #define CLEAR_BIT(REG, BIT)   ((REG) &= ~(BIT))
      |                                 ^~~
../Drivers/STM32F4xx_HAL_Driver/Src/stm32f4xx_hal.c: In function 'HAL_InitTick':
../Drivers/STM32F4xx_HAL_Driver/Src/stm32f4xx_hal.c:256:26: error: 'SystemCoreClock' undeclared (first use in this function)
  256 |   if (HAL_SYSTICK_Config(SystemCoreClock / (1000U / uwTickFreq)) > 0U)
      |                          ^~~~~~~~~~~~~~~
../Drivers/STM32F4xx_HAL_Driver/Src/stm32f4xx_hal.c:256:26: note: each undeclared identifier is reported only once for each function it appears in
../Drivers/STM32F4xx_HAL_Driver/Src/stm32f4xx_hal_cortex.c: In function 'HAL_NVIC_SetPriorityGrouping':
../Drivers/STM32F4xx_HAL_Driver/Src/stm32f4xx_hal_cortex.c:147:3: warning: implicit declaration of function 'NVIC_SetPriorityGrouping'; did you mean 'HAL_NVIC_SetPriorityGrouping'? [-Wimplicit-function-declaration]
  147 |   NVIC_SetPriorityGrouping(PriorityGroup);
      |   ^~~~~~~~~~~~~~~~~~~~~~~~
      |   HAL_NVIC_SetPriorityGrouping
../Drivers/STM32F4xx_HAL_Driver/Src/stm32f4xx_hal_dma.c: In function 'HAL_DMA_IRQHandler':
../Drivers/STM32F4xx_HAL_Driver/Src/stm32f4xx_hal.c: In function 'HAL_SuspendTick':
../Drivers/STM32F4xx_HAL_Driver/Src/stm32f4xx_hal.c:419:3: error: 'SysTick' undeclared (first use in this function)
  419 |   SysTick->CTRL &= ~SysTick_CTRL_TICKINT_Msk;
      |   ^~~~~~~
../Drivers/STM32F4xx_HAL_Driver/Src/stm32f4xx_hal_dma.c:750:22: error: 'SystemCoreClock' undeclared (first use in this function)
  750 |   uint32_t timeout = SystemCoreClock / 9600U;
      |                      ^~~~~~~~~~~~~~~
../Drivers/STM32F4xx_HAL_Driver/Src/stm32f4xx_hal_dma.c:750:22: note: each undeclared identifier is reported only once for each function it appears in
../Drivers/STM32F4xx_HAL_Driver/Src/stm32f4xx_hal_rcc.c: In function 'HAL_RCC_ClockConfig':
../Drivers/STM32F4xx_HAL_Driver/Src/stm32f4xx_hal_rcc.c:719:3: error: 'SystemCoreClock' undeclared (first use in this function)
  719 |   SystemCoreClock = HAL_RCC_GetSysClockFreq() >> AHBPrescTable[(RCC->CFGR & RCC_CFGR_HPRE) >> RCC_CFGR_HPRE_Pos];
      |   ^~~~~~~~~~~~~~~
../Drivers/STM32F4xx_HAL_Driver/Src/stm32f4xx_hal_rcc.c:719:3: note: each undeclared identifier is reported only once for each function it appears in
../Drivers/STM32F4xx_HAL_Driver/Src/stm32f4xx_hal_pwr.c:401:34: error: 'SCB_SCR_SLEEPDEEP_Msk' undeclared (first use in this function)
  401 |   CLEAR_BIT(SCB->SCR, ((uint32_t)SCB_SCR_SLEEPDEEP_Msk));
      |                                  ^~~~~~~~~~~~~~~~~~~~~
../Drivers/CMSIS/Device/ST/STM32F4xx/Include/stm32f4xx.h:213:43: note: in definition of macro 'CLEAR_BIT'
  213 | #define CLEAR_BIT(REG, BIT)   ((REG) &= ~(BIT))
      |                                           ^~~
../Drivers/STM32F4xx_HAL_Driver/Src/stm32f4xx_hal_rcc_ex.c: In function 'HAL_RCC_DeInit':
../Drivers/STM32F4xx_HAL_Driver/Src/stm32f4xx_hal_pwr.c:407:5: warning: implicit declaration of function '__WFI' [-Wimplicit-function-declaration]
  407 |     __WFI();
      |     ^~~~~
../Drivers/STM32F4xx_HAL_Driver/Src/stm32f4xx_hal_rcc_ex.c:3346:3: error: 'SystemCoreClock' undeclared (first use in this function)
 3346 |   SystemCoreClock = HSI_VALUE;
      |   ^~~~~~~~~~~~~~~
../Drivers/STM32F4xx_HAL_Driver/Src/stm32f4xx_hal_rcc_ex.c:3346:3: note: each undeclared identifier is reported only once for each function it appears in
../Drivers/STM32F4xx_HAL_Driver/Src/stm32f4xx_hal_pwr.c:414:7: warning: implicit declaration of function '__SEV' [-Wimplicit-function-declaration]
  414 |       __SEV();
      |       ^~~~~
../Drivers/STM32F4xx_HAL_Driver/Src/stm32f4xx_hal_pwr.c:415:7: warning: implicit declaration of function '__WFE' [-Wimplicit-function-declaration]
  415 |       __WFE();
      |       ^~~~~
../Drivers/STM32F4xx_HAL_Driver/Src/stm32f4xx_hal_pwr.c: In function 'HAL_PWR_EnterSTOPMode':
../Drivers/STM32F4xx_HAL_Driver/Src/stm32f4xx_hal_pwr.c:455:11: error: 'SCB' undeclared (first use in this function)
  455 |   SET_BIT(SCB->SCR, ((uint32_t)SCB_SCR_SLEEPDEEP_Msk));
      |           ^~~
../Drivers/CMSIS/Device/ST/STM32F4xx/Include/stm32f4xx.h:211:33: note: in definition of macro 'SET_BIT'
  211 | #define SET_BIT(REG, BIT)     ((REG) |= (BIT))
      |                                 ^~~
../Drivers/STM32F4xx_HAL_Driver/Src/stm32f4xx_hal_cortex.c: In function 'HAL_NVIC_SetPriority':
../Drivers/STM32F4xx_HAL_Driver/Src/stm32f4xx_hal_cortex.c:171:19: warning: implicit declaration of function 'NVIC_GetPriorityGrouping'; did you mean 'HAL_NVIC_GetPriorityGrouping'? [-Wimplicit-function-declaration]
  171 |   prioritygroup = NVIC_GetPriorityGrouping();
      |                   ^~~~~~~~~~~~~~~~~~~~~~~~
      |                   HAL_NVIC_GetPriorityGrouping
../Drivers/STM32F4xx_HAL_Driver/Src/stm32f4xx_hal_rcc.c:719:50: error: 'AHBPrescTable' undeclared (first use in this function)
  719 |   SystemCoreClock = HAL_RCC_GetSysClockFreq() >> AHBPrescTable[(RCC->CFGR & RCC_CFGR_HPRE) >> RCC_CFGR_HPRE_Pos];
      |                                                  ^~~~~~~~~~~~~
make: *** [Drivers/STM32F4xx_HAL_Driver/Src/subdir.mk:55: Drivers/STM32F4xx_HAL_Driver/Src/stm32f4xx_hal_dma.o] Error 1
make: *** Waiting for unfinished jobs....
../Drivers/STM32F4xx_HAL_Driver/Src/stm32f4xx_hal.c:419:21: error: 'SysTick_CTRL_TICKINT_Msk' undeclared (first use in this function)
  419 |   SysTick->CTRL &= ~SysTick_CTRL_TICKINT_Msk;
      |                     ^~~~~~~~~~~~~~~~~~~~~~~~
../Drivers/STM32F4xx_HAL_Driver/Src/stm32f4xx_hal.c: In function 'HAL_ResumeTick':
../Drivers/STM32F4xx_HAL_Driver/Src/stm32f4xx_hal.c:435:3: error: 'SysTick' undeclared (first use in this function)
  435 |   SysTick->CTRL  |= SysTick_CTRL_TICKINT_Msk;
      |   ^~~~~~~
make: *** [Drivers/STM32F4xx_HAL_Driver/Src/subdir.mk:55: Drivers/STM32F4xx_HAL_Driver/Src/stm32f4xx_hal_rcc_ex.o] Error 1
../Drivers/STM32F4xx_HAL_Driver/Src/stm32f4xx_hal_cortex.c:173:3: warning: implicit declaration of function 'NVIC_SetPriority'; did you mean 'HAL_NVIC_SetPriority'? [-Wimplicit-function-declaration]
  173 |   NVIC_SetPriority(IRQn, NVIC_EncodePriority(prioritygroup, PreemptPriority, SubPriority));
      |   ^~~~~~~~~~~~~~~~
      |   HAL_NVIC_SetPriority
../Drivers/STM32F4xx_HAL_Driver/Src/stm32f4xx_hal_pwr.c:455:32: error: 'SCB_SCR_SLEEPDEEP_Msk' undeclared (first use in this function)
  455 |   SET_BIT(SCB->SCR, ((uint32_t)SCB_SCR_SLEEPDEEP_Msk));
      |                                ^~~~~~~~~~~~~~~~~~~~~
../Drivers/CMSIS/Device/ST/STM32F4xx/Include/stm32f4xx.h:211:42: note: in definition of macro 'SET_BIT'
  211 | #define SET_BIT(REG, BIT)     ((REG) |= (BIT))
      |                                          ^~~
../Drivers/STM32F4xx_HAL_Driver/Src/stm32f4xx_hal_pwr.c: In function 'HAL_PWR_EnterSTANDBYMode':
../Drivers/STM32F4xx_HAL_Driver/Src/stm32f4xx_hal_pwr.c:494:11: error: 'SCB' undeclared (first use in this function)
  494 |   SET_BIT(SCB->SCR, ((uint32_t)SCB_SCR_SLEEPDEEP_Msk));
      |           ^~~
../Drivers/CMSIS/Device/ST/STM32F4xx/Include/stm32f4xx.h:211:33: note: in definition of macro 'SET_BIT'
  211 | #define SET_BIT(REG, BIT)     ((REG) |= (BIT))
      |                                 ^~~
../Drivers/STM32F4xx_HAL_Driver/Src/stm32f4xx_hal_rcc.c: In function 'HAL_RCC_GetHCLKFreq':
../Drivers/STM32F4xx_HAL_Driver/Src/stm32f4xx_hal_rcc.c:945:10: error: 'SystemCoreClock' undeclared (first use in this function)
  945 |   return SystemCoreClock;
      |          ^~~~~~~~~~~~~~~
../Drivers/STM32F4xx_HAL_Driver/Src/stm32f4xx_hal_cortex.c:173:26: warning: implicit declaration of function 'NVIC_EncodePriority' [-Wimplicit-function-declaration]
  173 |   NVIC_SetPriority(IRQn, NVIC_EncodePriority(prioritygroup, PreemptPriority, SubPriority));
      |                          ^~~~~~~~~~~~~~~~~~~
../Drivers/STM32F4xx_HAL_Driver/Src/stm32f4xx_hal_rcc.c: In function 'HAL_RCC_GetPCLK1Freq':
../Drivers/STM32F4xx_HAL_Driver/Src/stm32f4xx_hal_rcc.c:957:36: error: 'APBPrescTable' undeclared (first use in this function)
  957 |   return (HAL_RCC_GetHCLKFreq() >> APBPrescTable[(RCC->CFGR & RCC_CFGR_PPRE1) >> RCC_CFGR_PPRE1_Pos]);
      |                                    ^~~~~~~~~~~~~
../Drivers/STM32F4xx_HAL_Driver/Src/stm32f4xx_hal.c:435:21: error: 'SysTick_CTRL_TICKINT_Msk' undeclared (first use in this function)
  435 |   SysTick->CTRL  |= SysTick_CTRL_TICKINT_Msk;
      |                     ^~~~~~~~~~~~~~~~~~~~~~~~
../Drivers/STM32F4xx_HAL_Driver/Src/stm32f4xx_hal_pwr.c:494:32: error: 'SCB_SCR_SLEEPDEEP_Msk' undeclared (first use in this function)
  494 |   SET_BIT(SCB->SCR, ((uint32_t)SCB_SCR_SLEEPDEEP_Msk));
      |                                ^~~~~~~~~~~~~~~~~~~~~
../Drivers/CMSIS/Device/ST/STM32F4xx/Include/stm32f4xx.h:211:42: note: in definition of macro 'SET_BIT'
  211 | #define SET_BIT(REG, BIT)     ((REG) |= (BIT))
      |                                          ^~~
../Drivers/STM32F4xx_HAL_Driver/Src/stm32f4xx_hal_pwr.c: In function 'HAL_PWR_EnableSleepOnExit':
../Drivers/STM32F4xx_HAL_Driver/Src/stm32f4xx_hal_pwr.c:544:11: error: 'SCB' undeclared (first use in this function)
  544 |   SET_BIT(SCB->SCR, ((uint32_t)SCB_SCR_SLEEPONEXIT_Msk));
      |           ^~~
../Drivers/CMSIS/Device/ST/STM32F4xx/Include/stm32f4xx.h:211:33: note: in definition of macro 'SET_BIT'
  211 | #define SET_BIT(REG, BIT)     ((REG) |= (BIT))
      |                                 ^~~
../Drivers/STM32F4xx_HAL_Driver/Src/stm32f4xx_hal_cortex.c: In function 'HAL_NVIC_EnableIRQ':
../Drivers/STM32F4xx_HAL_Driver/Src/stm32f4xx_hal_cortex.c:191:3: warning: implicit declaration of function 'NVIC_EnableIRQ'; did you mean 'HAL_NVIC_EnableIRQ'? [-Wimplicit-function-declaration]
  191 |   NVIC_EnableIRQ(IRQn);
      |   ^~~~~~~~~~~~~~
      |   HAL_NVIC_EnableIRQ
../Drivers/STM32F4xx_HAL_Driver/Src/stm32f4xx_hal_rcc.c: In function 'HAL_RCC_GetPCLK2Freq':
../Drivers/STM32F4xx_HAL_Driver/Src/stm32f4xx_hal_rcc.c:969:36: error: 'APBPrescTable' undeclared (first use in this function)
  969 |   return (HAL_RCC_GetHCLKFreq() >> APBPrescTable[(RCC->CFGR & RCC_CFGR_PPRE2) >> RCC_CFGR_PPRE2_Pos]);
      |                                    ^~~~~~~~~~~~~
../Drivers/STM32F4xx_HAL_Driver/Src/stm32f4xx_hal_rcc.c: In function 'HAL_RCC_GetHCLKFreq':
../Drivers/STM32F4xx_HAL_Driver/Src/stm32f4xx_hal_rcc.c:946:1: warning: control reaches end of non-void function [-Wreturn-type]
  946 | }
      | ^
../Drivers/STM32F4xx_HAL_Driver/Src/stm32f4xx_hal_rcc.c: In function 'HAL_RCC_GetPCLK1Freq':
../Drivers/STM32F4xx_HAL_Driver/Src/stm32f4xx_hal_rcc.c:958:1: warning: control reaches end of non-void function [-Wreturn-type]
  958 | }
      | ^
../Drivers/STM32F4xx_HAL_Driver/Src/stm32f4xx_hal_rcc.c: In function 'HAL_RCC_GetPCLK2Freq':
../Drivers/STM32F4xx_HAL_Driver/Src/stm32f4xx_hal_rcc.c:970:1: warning: control reaches end of non-void function [-Wreturn-type]
  970 | }
      | ^
../Drivers/STM32F4xx_HAL_Driver/Src/stm32f4xx_hal_cortex.c: In function 'HAL_NVIC_DisableIRQ':
../Drivers/STM32F4xx_HAL_Driver/Src/stm32f4xx_hal_cortex.c:207:3: warning: implicit declaration of function 'NVIC_DisableIRQ'; did you mean 'HAL_NVIC_DisableIRQ'? [-Wimplicit-function-declaration]
  207 |   NVIC_DisableIRQ(IRQn);
      |   ^~~~~~~~~~~~~~~
      |   HAL_NVIC_DisableIRQ
make: *** [Drivers/STM32F4xx_HAL_Driver/Src/subdir.mk:55: Drivers/STM32F4xx_HAL_Driver/Src/stm32f4xx_hal.o] Error 1
../Drivers/STM32F4xx_HAL_Driver/Src/stm32f4xx_hal_pwr.c:544:32: error: 'SCB_SCR_SLEEPONEXIT_Msk' undeclared (first use in this function)
  544 |   SET_BIT(SCB->SCR, ((uint32_t)SCB_SCR_SLEEPONEXIT_Msk));
      |                                ^~~~~~~~~~~~~~~~~~~~~~~
../Drivers/CMSIS/Device/ST/STM32F4xx/Include/stm32f4xx.h:211:42: note: in definition of macro 'SET_BIT'
  211 | #define SET_BIT(REG, BIT)     ((REG) |= (BIT))
      |                                          ^~~
../Drivers/STM32F4xx_HAL_Driver/Src/stm32f4xx_hal_pwr.c: In function 'HAL_PWR_DisableSleepOnExit':
../Drivers/STM32F4xx_HAL_Driver/Src/stm32f4xx_hal_cortex.c: In function 'HAL_NVIC_SystemReset':
../Drivers/STM32F4xx_HAL_Driver/Src/stm32f4xx_hal_pwr.c:556:13: error: 'SCB' undeclared (first use in this function)
  556 |   CLEAR_BIT(SCB->SCR, ((uint32_t)SCB_SCR_SLEEPONEXIT_Msk));
      |             ^~~
../Drivers/CMSIS/Device/ST/STM32F4xx/Include/stm32f4xx.h:213:33: note: in definition of macro 'CLEAR_BIT'
  213 | #define CLEAR_BIT(REG, BIT)   ((REG) &= ~(BIT))
      |                                 ^~~
../Drivers/STM32F4xx_HAL_Driver/Src/stm32f4xx_hal_cortex.c:217:3: warning: implicit declaration of function 'NVIC_SystemReset'; did you mean 'HAL_NVIC_SystemReset'? [-Wimplicit-function-declaration]
  217 |   NVIC_SystemReset();
      |   ^~~~~~~~~~~~~~~~
      |   HAL_NVIC_SystemReset
make: *** [Drivers/STM32F4xx_HAL_Driver/Src/subdir.mk:55: Drivers/STM32F4xx_HAL_Driver/Src/stm32f4xx_hal_rcc.o] Error 1
../Drivers/STM32F4xx_HAL_Driver/Src/stm32f4xx_hal_cortex.c: In function 'HAL_SYSTICK_Config':
../Drivers/STM32F4xx_HAL_Driver/Src/stm32f4xx_hal_cortex.c:229:11: warning: implicit declaration of function 'SysTick_Config'; did you mean 'HAL_SYSTICK_Config'? [-Wimplicit-function-declaration]
  229 |    return SysTick_Config(TicksNumb);
      |           ^~~~~~~~~~~~~~
      |           HAL_SYSTICK_Config
../Drivers/STM32F4xx_HAL_Driver/Src/stm32f4xx_hal_cortex.c: In function 'HAL_MPU_Disable':
../Drivers/STM32F4xx_HAL_Driver/Src/stm32f4xx_hal_cortex.c:259:3: warning: implicit declaration of function '__DMB' [-Wimplicit-function-declaration]
  259 |   __DMB();
      |   ^~~~~
../Drivers/STM32F4xx_HAL_Driver/Src/stm32f4xx_hal_cortex.c:262:3: error: 'SCB' undeclared (first use in this function)
  262 |   SCB->SHCSR &= ~SCB_SHCSR_MEMFAULTENA_Msk;
      |   ^~~
../Drivers/STM32F4xx_HAL_Driver/Src/stm32f4xx_hal_cortex.c:262:3: note: each undeclared identifier is reported only once for each function it appears in
../Drivers/STM32F4xx_HAL_Driver/Src/stm32f4xx_hal_pwr.c:556:34: error: 'SCB_SCR_SLEEPONEXIT_Msk' undeclared (first use in this function)
  556 |   CLEAR_BIT(SCB->SCR, ((uint32_t)SCB_SCR_SLEEPONEXIT_Msk));
      |                                  ^~~~~~~~~~~~~~~~~~~~~~~
../Drivers/CMSIS/Device/ST/STM32F4xx/Include/stm32f4xx.h:213:43: note: in definition of macro 'CLEAR_BIT'
  213 | #define CLEAR_BIT(REG, BIT)   ((REG) &= ~(BIT))
      |                                           ^~~
../Drivers/STM32F4xx_HAL_Driver/Src/stm32f4xx_hal_pwr.c: In function 'HAL_PWR_EnableSEVOnPend':
../Drivers/STM32F4xx_HAL_Driver/Src/stm32f4xx_hal_pwr.c:568:11: error: 'SCB' undeclared (first use in this function)
  568 |   SET_BIT(SCB->SCR, ((uint32_t)SCB_SCR_SEVONPEND_Msk));
      |           ^~~
../Drivers/CMSIS/Device/ST/STM32F4xx/Include/stm32f4xx.h:211:33: note: in definition of macro 'SET_BIT'
  211 | #define SET_BIT(REG, BIT)     ((REG) |= (BIT))
      |                                 ^~~
../Drivers/STM32F4xx_HAL_Driver/Src/stm32f4xx_hal_cortex.c:262:18: error: 'SCB_SHCSR_MEMFAULTENA_Msk' undeclared (first use in this function)
  262 |   SCB->SHCSR &= ~SCB_SHCSR_MEMFAULTENA_Msk;
      |                  ^~~~~~~~~~~~~~~~~~~~~~~~~
../Drivers/STM32F4xx_HAL_Driver/Src/stm32f4xx_hal_cortex.c:265:3: error: 'MPU' undeclared (first use in this function)
  265 |   MPU->CTRL = 0U;
      |   ^~~
../Drivers/STM32F4xx_HAL_Driver/Src/stm32f4xx_hal_cortex.c: In function 'HAL_MPU_Enable':
../Drivers/STM32F4xx_HAL_Driver/Src/stm32f4xx_hal_cortex.c:282:3: error: 'MPU' undeclared (first use in this function)
  282 |   MPU->CTRL = MPU_Control | MPU_CTRL_ENABLE_Msk;
      |   ^~~
../Drivers/STM32F4xx_HAL_Driver/Src/stm32f4xx_hal_pwr.c:568:32: error: 'SCB_SCR_SEVONPEND_Msk' undeclared (first use in this function)
  568 |   SET_BIT(SCB->SCR, ((uint32_t)SCB_SCR_SEVONPEND_Msk));
      |                                ^~~~~~~~~~~~~~~~~~~~~
../Drivers/CMSIS/Device/ST/STM32F4xx/Include/stm32f4xx.h:211:42: note: in definition of macro 'SET_BIT'
  211 | #define SET_BIT(REG, BIT)     ((REG) |= (BIT))
      |                                          ^~~
../Drivers/STM32F4xx_HAL_Driver/Src/stm32f4xx_hal_pwr.c: In function 'HAL_PWR_DisableSEVOnPend':
../Drivers/STM32F4xx_HAL_Driver/Src/stm32f4xx_hal_pwr.c:580:13: error: 'SCB' undeclared (first use in this function)
  580 |   CLEAR_BIT(SCB->SCR, ((uint32_t)SCB_SCR_SEVONPEND_Msk));
      |             ^~~
../Drivers/CMSIS/Device/ST/STM32F4xx/Include/stm32f4xx.h:213:33: note: in definition of macro 'CLEAR_BIT'
  213 | #define CLEAR_BIT(REG, BIT)   ((REG) &= ~(BIT))
      |                                 ^~~
../Drivers/STM32F4xx_HAL_Driver/Src/stm32f4xx_hal_cortex.c:282:29: error: 'MPU_CTRL_ENABLE_Msk' undeclared (first use in this function)
  282 |   MPU->CTRL = MPU_Control | MPU_CTRL_ENABLE_Msk;
      |                             ^~~~~~~~~~~~~~~~~~~
../Drivers/STM32F4xx_HAL_Driver/Src/stm32f4xx_hal_cortex.c:285:3: error: 'SCB' undeclared (first use in this function)
  285 |   SCB->SHCSR |= SCB_SHCSR_MEMFAULTENA_Msk;
      |   ^~~
../Drivers/STM32F4xx_HAL_Driver/Src/stm32f4xx_hal_pwr.c:580:34: error: 'SCB_SCR_SEVONPEND_Msk' undeclared (first use in this function)
  580 |   CLEAR_BIT(SCB->SCR, ((uint32_t)SCB_SCR_SEVONPEND_Msk));
      |                                  ^~~~~~~~~~~~~~~~~~~~~
../Drivers/CMSIS/Device/ST/STM32F4xx/Include/stm32f4xx.h:213:43: note: in definition of macro 'CLEAR_BIT'
  213 | #define CLEAR_BIT(REG, BIT)   ((REG) &= ~(BIT))
      |                                           ^~~
../Drivers/STM32F4xx_HAL_Driver/Src/stm32f4xx_hal_cortex.c:285:17: error: 'SCB_SHCSR_MEMFAULTENA_Msk' undeclared (first use in this function)
  285 |   SCB->SHCSR |= SCB_SHCSR_MEMFAULTENA_Msk;
      |                 ^~~~~~~~~~~~~~~~~~~~~~~~~
../Drivers/STM32F4xx_HAL_Driver/Src/stm32f4xx_hal_cortex.c:288:3: warning: implicit declaration of function '__DSB' [-Wimplicit-function-declaration]
  288 |   __DSB();
      |   ^~~~~
../Drivers/STM32F4xx_HAL_Driver/Src/stm32f4xx_hal_cortex.c:289:3: warning: implicit declaration of function '__ISB' [-Wimplicit-function-declaration]
  289 |   __ISB();
      |   ^~~~~
make: *** [Drivers/STM32F4xx_HAL_Driver/Src/subdir.mk:55: Drivers/STM32F4xx_HAL_Driver/Src/stm32f4xx_hal_pwr.o] Error 1
../Drivers/STM32F4xx_HAL_Driver/Src/stm32f4xx_hal_cortex.c: In function 'HAL_MPU_EnableRegion':
../Drivers/STM32F4xx_HAL_Driver/Src/stm32f4xx_hal_cortex.c:302:3: error: 'MPU' undeclared (first use in this function)
  302 |   MPU->RNR = RegionNumber;
      |   ^~~
In file included from ../Drivers/STM32F4xx_HAL_Driver/Inc/stm32f4xx_hal_def.h:29,
                 from ../Drivers/STM32F4xx_HAL_Driver/Inc/stm32f4xx_hal_rcc.h:27,
                 from ../Core/Inc/stm32f4xx_hal_conf.h:275,
                 from ../Drivers/STM32F4xx_HAL_Driver/Inc/stm32f4xx_hal.h:29,
                 from ../Drivers/STM32F4xx_HAL_Driver/Src/stm32f4xx_hal_cortex.c:81:
../Drivers/STM32F4xx_HAL_Driver/Src/stm32f4xx_hal_cortex.c:305:22: error: 'MPU_RASR_ENABLE_Msk' undeclared (first use in this function)
  305 |   SET_BIT(MPU->RASR, MPU_RASR_ENABLE_Msk);
      |                      ^~~~~~~~~~~~~~~~~~~
../Drivers/CMSIS/Device/ST/STM32F4xx/Include/stm32f4xx.h:211:42: note: in definition of macro 'SET_BIT'
  211 | #define SET_BIT(REG, BIT)     ((REG) |= (BIT))
      |                                          ^~~
../Drivers/STM32F4xx_HAL_Driver/Src/stm32f4xx_hal_cortex.c: In function 'HAL_MPU_DisableRegion':
../Drivers/STM32F4xx_HAL_Driver/Src/stm32f4xx_hal_cortex.c:318:3: error: 'MPU' undeclared (first use in this function)
  318 |   MPU->RNR = RegionNumber;
      |   ^~~
../Drivers/STM32F4xx_HAL_Driver/Src/stm32f4xx_hal_cortex.c:321:24: error: 'MPU_RASR_ENABLE_Msk' undeclared (first use in this function)
  321 |   CLEAR_BIT(MPU->RASR, MPU_RASR_ENABLE_Msk);
      |                        ^~~~~~~~~~~~~~~~~~~
../Drivers/CMSIS/Device/ST/STM32F4xx/Include/stm32f4xx.h:213:43: note: in definition of macro 'CLEAR_BIT'
  213 | #define CLEAR_BIT(REG, BIT)   ((REG) &= ~(BIT))
      |                                           ^~~
../Drivers/STM32F4xx_HAL_Driver/Src/stm32f4xx_hal_cortex.c: In function 'HAL_MPU_ConfigRegion':
../Drivers/STM32F4xx_HAL_Driver/Src/stm32f4xx_hal_cortex.c:345:3: error: 'MPU' undeclared (first use in this function)
  345 |   MPU->RNR = MPU_Init->Number;
      |   ^~~
../Drivers/STM32F4xx_HAL_Driver/Src/stm32f4xx_hal_cortex.c:348:24: error: 'MPU_RASR_ENABLE_Msk' undeclared (first use in this function)
  348 |   CLEAR_BIT(MPU->RASR, MPU_RASR_ENABLE_Msk);
      |                        ^~~~~~~~~~~~~~~~~~~
../Drivers/CMSIS/Device/ST/STM32F4xx/Include/stm32f4xx.h:213:43: note: in definition of macro 'CLEAR_BIT'
  213 | #define CLEAR_BIT(REG, BIT)   ((REG) &= ~(BIT))
      |                                           ^~~
../Drivers/STM32F4xx_HAL_Driver/Src/stm32f4xx_hal_cortex.c:352:63: error: 'MPU_RASR_XN_Pos' undeclared (first use in this function)
  352 |   MPU->RASR = ((uint32_t)MPU_Init->DisableExec             << MPU_RASR_XN_Pos)   |
      |                                                               ^~~~~~~~~~~~~~~
../Drivers/STM32F4xx_HAL_Driver/Src/stm32f4xx_hal_cortex.c:353:63: error: 'MPU_RASR_AP_Pos' undeclared (first use in this function)
  353 |               ((uint32_t)MPU_Init->AccessPermission        << MPU_RASR_AP_Pos)   |
      |                                                               ^~~~~~~~~~~~~~~
../Drivers/STM32F4xx_HAL_Driver/Src/stm32f4xx_hal_cortex.c:354:63: error: 'MPU_RASR_TEX_Pos' undeclared (first use in this function); did you mean 'SPI_SR_TXE_Pos'?
  354 |               ((uint32_t)MPU_Init->TypeExtField            << MPU_RASR_TEX_Pos)  |
      |                                                               ^~~~~~~~~~~~~~~~
      |                                                               SPI_SR_TXE_Pos
../Drivers/STM32F4xx_HAL_Driver/Src/stm32f4xx_hal_cortex.c:355:63: error: 'MPU_RASR_S_Pos' undeclared (first use in this function)
  355 |               ((uint32_t)MPU_Init->IsShareable             << MPU_RASR_S_Pos)    |
      |                                                               ^~~~~~~~~~~~~~
../Drivers/STM32F4xx_HAL_Driver/Src/stm32f4xx_hal_cortex.c:356:63: error: 'MPU_RASR_C_Pos' undeclared (first use in this function)
  356 |               ((uint32_t)MPU_Init->IsCacheable             << MPU_RASR_C_Pos)    |
      |                                                               ^~~~~~~~~~~~~~
../Drivers/STM32F4xx_HAL_Driver/Src/stm32f4xx_hal_cortex.c:357:63: error: 'MPU_RASR_B_Pos' undeclared (first use in this function)
  357 |               ((uint32_t)MPU_Init->IsBufferable            << MPU_RASR_B_Pos)    |
      |                                                               ^~~~~~~~~~~~~~
../Drivers/STM32F4xx_HAL_Driver/Src/stm32f4xx_hal_cortex.c:358:63: error: 'MPU_RASR_SRD_Pos' undeclared (first use in this function); did you mean 'SPI_SR_FRE_Pos'?
  358 |               ((uint32_t)MPU_Init->SubRegionDisable        << MPU_RASR_SRD_Pos)  |
      |                                                               ^~~~~~~~~~~~~~~~
      |                                                               SPI_SR_FRE_Pos
../Drivers/STM32F4xx_HAL_Driver/Src/stm32f4xx_hal_cortex.c:359:63: error: 'MPU_RASR_SIZE_Pos' undeclared (first use in this function)
  359 |               ((uint32_t)MPU_Init->Size                    << MPU_RASR_SIZE_Pos) |
      |                                                               ^~~~~~~~~~~~~~~~~
../Drivers/STM32F4xx_HAL_Driver/Src/stm32f4xx_hal_cortex.c:360:63: error: 'MPU_RASR_ENABLE_Pos' undeclared (first use in this function)
  360 |               ((uint32_t)MPU_Init->Enable                  << MPU_RASR_ENABLE_Pos);
      |                                                               ^~~~~~~~~~~~~~~~~~~
../Drivers/STM32F4xx_HAL_Driver/Src/stm32f4xx_hal_cortex.c: In function 'HAL_CORTEX_ClearEvent':
../Drivers/STM32F4xx_HAL_Driver/Src/stm32f4xx_hal_cortex.c:370:3: warning: implicit declaration of function '__SEV' [-Wimplicit-function-declaration]
  370 |   __SEV();
      |   ^~~~~
../Drivers/STM32F4xx_HAL_Driver/Src/stm32f4xx_hal_cortex.c:371:3: warning: implicit declaration of function '__WFE' [-Wimplicit-function-declaration]
  371 |   __WFE();
      |   ^~~~~
../Drivers/STM32F4xx_HAL_Driver/Src/stm32f4xx_hal_cortex.c: In function 'HAL_NVIC_GetPriority':
../Drivers/STM32F4xx_HAL_Driver/Src/stm32f4xx_hal_cortex.c:410:3: warning: implicit declaration of function 'NVIC_DecodePriority' [-Wimplicit-function-declaration]
  410 |   NVIC_DecodePriority(NVIC_GetPriority(IRQn), PriorityGroup, pPreemptPriority, pSubPriority);
      |   ^~~~~~~~~~~~~~~~~~~
../Drivers/STM32F4xx_HAL_Driver/Src/stm32f4xx_hal_cortex.c:410:23: warning: implicit declaration of function 'NVIC_GetPriority'; did you mean 'HAL_NVIC_GetPriority'? [-Wimplicit-function-declaration]
  410 |   NVIC_DecodePriority(NVIC_GetPriority(IRQn), PriorityGroup, pPreemptPriority, pSubPriority);
      |                       ^~~~~~~~~~~~~~~~
      |                       HAL_NVIC_GetPriority
../Drivers/STM32F4xx_HAL_Driver/Src/stm32f4xx_hal_cortex.c: In function 'HAL_NVIC_SetPendingIRQ':
../Drivers/STM32F4xx_HAL_Driver/Src/stm32f4xx_hal_cortex.c:426:3: warning: implicit declaration of function 'NVIC_SetPendingIRQ'; did you mean 'HAL_NVIC_SetPendingIRQ'? [-Wimplicit-function-declaration]
  426 |   NVIC_SetPendingIRQ(IRQn);
      |   ^~~~~~~~~~~~~~~~~~
      |   HAL_NVIC_SetPendingIRQ
../Drivers/STM32F4xx_HAL_Driver/Src/stm32f4xx_hal_cortex.c: In function 'HAL_NVIC_GetPendingIRQ':
../Drivers/STM32F4xx_HAL_Driver/Src/stm32f4xx_hal_cortex.c:444:10: warning: implicit declaration of function 'NVIC_GetPendingIRQ'; did you mean 'HAL_NVIC_GetPendingIRQ'? [-Wimplicit-function-declaration]
  444 |   return NVIC_GetPendingIRQ(IRQn);
      |          ^~~~~~~~~~~~~~~~~~
      |          HAL_NVIC_GetPendingIRQ
../Drivers/STM32F4xx_HAL_Driver/Src/stm32f4xx_hal_cortex.c: In function 'HAL_NVIC_ClearPendingIRQ':
../Drivers/STM32F4xx_HAL_Driver/Src/stm32f4xx_hal_cortex.c:460:3: warning: implicit declaration of function 'NVIC_ClearPendingIRQ'; did you mean 'HAL_NVIC_ClearPendingIRQ'? [-Wimplicit-function-declaration]
  460 |   NVIC_ClearPendingIRQ(IRQn);
      |   ^~~~~~~~~~~~~~~~~~~~
      |   HAL_NVIC_ClearPendingIRQ
../Drivers/STM32F4xx_HAL_Driver/Src/stm32f4xx_hal_cortex.c: In function 'HAL_NVIC_GetActive':
../Drivers/STM32F4xx_HAL_Driver/Src/stm32f4xx_hal_cortex.c:477:10: warning: implicit declaration of function 'NVIC_GetActive'; did you mean 'HAL_NVIC_GetActive'? [-Wimplicit-function-declaration]
  477 |   return NVIC_GetActive(IRQn);
      |          ^~~~~~~~~~~~~~
      |          HAL_NVIC_GetActive
../Drivers/STM32F4xx_HAL_Driver/Src/stm32f4xx_hal_cortex.c: In function 'HAL_SYSTICK_CLKSourceConfig':
../Drivers/STM32F4xx_HAL_Driver/Src/stm32f4xx_hal_cortex.c:494:5: error: 'SysTick' undeclared (first use in this function)
  494 |     SysTick->CTRL |= SYSTICK_CLKSOURCE_HCLK;
      |     ^~~~~~~
make: *** [Drivers/STM32F4xx_HAL_Driver/Src/subdir.mk:55: Drivers/STM32F4xx_HAL_Driver/Src/stm32f4xx_hal_cortex.o] Error 1
"make -j16 all" terminated with exit code 2. Build might be incomplete.

12:29:52 Build Failed. 56 errors, 25 warnings. (took 799ms)

