11:17:52 **** Build of configuration Debug for project 20250701 TimeWatch_StopWatch_RTOS ****
make -j16 all 
arm-none-eabi-gcc "../Middlewares/Third_Party/FreeRTOS/Source/queue.c" -mcpu=cortex-m4 -std=gnu11 -g3 -DDEBUG -DUSE_HAL_DRIVER -DSTM32F411xE -c -I../Core/Inc -I../Drivers/STM32F4xx_HAL_Driver/Inc -I../Drivers/STM32F4xx_HAL_Driver/Inc/Legacy -I../Drivers/CMSIS/Device/ST/STM32F4xx/Include -I../Drivers/CMSIS/Include -I"C:/stm32_Harman/20250701 TimeWatch_StopWatch_RTOS/Core/ap" -I"C:/stm32_Harman/20250701 TimeWatch_StopWatch_RTOS/Core/driver" -I"C:/stm32_Harman/20250701 TimeWatch_StopWatch_RTOS/Core/driver/FND" -I"C:/stm32_Harman/20250701 TimeWatch_StopWatch_RTOS/Core/driver/LedBar" -I"C:/stm32_Harman/20250701 TimeWatch_StopWatch_RTOS/Core/driver/button" -I"C:/stm32_Harman/20250701 TimeWatch_StopWatch_RTOS/Core/ap/inc" -I"C:/stm32_Harman/20250701 TimeWatch_StopWatch_RTOS/Core/ap/src" -I"C:/stm32_Harman/20250701 TimeWatch_StopWatch_RTOS/Core/driver/LCD" -I../Middlewares/Third_Party/FreeRTOS/Source/include -I../Middlewares/Third_Party/FreeRTOS/Source/CMSIS_RTOS -I../Middlewares/Third_Party/FreeRTOS/Source/portable/GCC/ARM_CM4F -O0 -ffunction-sections -fdata-sections -Wall -fstack-usage -fcyclomatic-complexity -MMD -MP -MF"Middlewares/Third_Party/FreeRTOS/Source/queue.d" -MT"Middlewares/Third_Party/FreeRTOS/Source/queue.o" --specs=nano.specs -mfpu=fpv4-sp-d16 -mfloat-abi=hard -mthumb -o "Middlewares/Third_Party/FreeRTOS/Source/queue.o"
arm-none-eabi-gcc "../Core/ap/src/Listener.c" -mcpu=cortex-m4 -std=gnu11 -g3 -DDEBUG -DUSE_HAL_DRIVER -DSTM32F411xE -c -I../Core/Inc -I../Drivers/STM32F4xx_HAL_Driver/Inc -I../Drivers/STM32F4xx_HAL_Driver/Inc/Legacy -I../Drivers/CMSIS/Device/ST/STM32F4xx/Include -I../Drivers/CMSIS/Include -I"C:/stm32_Harman/20250701 TimeWatch_StopWatch_RTOS/Core/ap" -I"C:/stm32_Harman/20250701 TimeWatch_StopWatch_RTOS/Core/driver" -I"C:/stm32_Harman/20250701 TimeWatch_StopWatch_RTOS/Core/driver/FND" -I"C:/stm32_Harman/20250701 TimeWatch_StopWatch_RTOS/Core/driver/LedBar" -I"C:/stm32_Harman/20250701 TimeWatch_StopWatch_RTOS/Core/driver/button" -I"C:/stm32_Harman/20250701 TimeWatch_StopWatch_RTOS/Core/ap/inc" -I"C:/stm32_Harman/20250701 TimeWatch_StopWatch_RTOS/Core/ap/src" -I"C:/stm32_Harman/20250701 TimeWatch_StopWatch_RTOS/Core/driver/LCD" -I../Middlewares/Third_Party/FreeRTOS/Source/include -I../Middlewares/Third_Party/FreeRTOS/Source/CMSIS_RTOS -I../Middlewares/Third_Party/FreeRTOS/Source/portable/GCC/ARM_CM4F -O0 -ffunction-sections -fdata-sections -Wall -fstack-usage -fcyclomatic-complexity -MMD -MP -MF"Core/ap/src/Listener.d" -MT"Core/ap/src/Listener.o" --specs=nano.specs -mfpu=fpv4-sp-d16 -mfloat-abi=hard -mthumb -o "Core/ap/src/Listener.o"
arm-none-eabi-gcc "../Core/ap/src/queue.c" -mcpu=cortex-m4 -std=gnu11 -g3 -DDEBUG -DUSE_HAL_DRIVER -DSTM32F411xE -c -I../Core/Inc -I../Drivers/STM32F4xx_HAL_Driver/Inc -I../Drivers/STM32F4xx_HAL_Driver/Inc/Legacy -I../Drivers/CMSIS/Device/ST/STM32F4xx/Include -I../Drivers/CMSIS/Include -I"C:/stm32_Harman/20250701 TimeWatch_StopWatch_RTOS/Core/ap" -I"C:/stm32_Harman/20250701 TimeWatch_StopWatch_RTOS/Core/driver" -I"C:/stm32_Harman/20250701 TimeWatch_StopWatch_RTOS/Core/driver/FND" -I"C:/stm32_Harman/20250701 TimeWatch_StopWatch_RTOS/Core/driver/LedBar" -I"C:/stm32_Harman/20250701 TimeWatch_StopWatch_RTOS/Core/driver/button" -I"C:/stm32_Harman/20250701 TimeWatch_StopWatch_RTOS/Core/ap/inc" -I"C:/stm32_Harman/20250701 TimeWatch_StopWatch_RTOS/Core/ap/src" -I"C:/stm32_Harman/20250701 TimeWatch_StopWatch_RTOS/Core/driver/LCD" -I../Middlewares/Third_Party/FreeRTOS/Source/include -I../Middlewares/Third_Party/FreeRTOS/Source/CMSIS_RTOS -I../Middlewares/Third_Party/FreeRTOS/Source/portable/GCC/ARM_CM4F -O0 -ffunction-sections -fdata-sections -Wall -fstack-usage -fcyclomatic-complexity -MMD -MP -MF"Core/ap/src/queue.d" -MT"Core/ap/src/queue.o" --specs=nano.specs -mfpu=fpv4-sp-d16 -mfloat-abi=hard -mthumb -o "Core/ap/src/queue.o"
arm-none-eabi-gcc "../Core/ap/src/stopwatch.c" -mcpu=cortex-m4 -std=gnu11 -g3 -DDEBUG -DUSE_HAL_DRIVER -DSTM32F411xE -c -I../Core/Inc -I../Drivers/STM32F4xx_HAL_Driver/Inc -I../Drivers/STM32F4xx_HAL_Driver/Inc/Legacy -I../Drivers/CMSIS/Device/ST/STM32F4xx/Include -I../Drivers/CMSIS/Include -I"C:/stm32_Harman/20250701 TimeWatch_StopWatch_RTOS/Core/ap" -I"C:/stm32_Harman/20250701 TimeWatch_StopWatch_RTOS/Core/driver" -I"C:/stm32_Harman/20250701 TimeWatch_StopWatch_RTOS/Core/driver/FND" -I"C:/stm32_Harman/20250701 TimeWatch_StopWatch_RTOS/Core/driver/LedBar" -I"C:/stm32_Harman/20250701 TimeWatch_StopWatch_RTOS/Core/driver/button" -I"C:/stm32_Harman/20250701 TimeWatch_StopWatch_RTOS/Core/ap/inc" -I"C:/stm32_Harman/20250701 TimeWatch_StopWatch_RTOS/Core/ap/src" -I"C:/stm32_Harman/20250701 TimeWatch_StopWatch_RTOS/Core/driver/LCD" -I../Middlewares/Third_Party/FreeRTOS/Source/include -I../Middlewares/Third_Party/FreeRTOS/Source/CMSIS_RTOS -I../Middlewares/Third_Party/FreeRTOS/Source/portable/GCC/ARM_CM4F -O0 -ffunction-sections -fdata-sections -Wall -fstack-usage -fcyclomatic-complexity -MMD -MP -MF"Core/ap/src/stopwatch.d" -MT"Core/ap/src/stopwatch.o" --specs=nano.specs -mfpu=fpv4-sp-d16 -mfloat-abi=hard -mthumb -o "Core/ap/src/stopwatch.o"
arm-none-eabi-gcc "../Core/ap/src/timewatch.c" -mcpu=cortex-m4 -std=gnu11 -g3 -DDEBUG -DUSE_HAL_DRIVER -DSTM32F411xE -c -I../Core/Inc -I../Drivers/STM32F4xx_HAL_Driver/Inc -I../Drivers/STM32F4xx_HAL_Driver/Inc/Legacy -I../Drivers/CMSIS/Device/ST/STM32F4xx/Include -I../Drivers/CMSIS/Include -I"C:/stm32_Harman/20250701 TimeWatch_StopWatch_RTOS/Core/ap" -I"C:/stm32_Harman/20250701 TimeWatch_StopWatch_RTOS/Core/driver" -I"C:/stm32_Harman/20250701 TimeWatch_StopWatch_RTOS/Core/driver/FND" -I"C:/stm32_Harman/20250701 TimeWatch_StopWatch_RTOS/Core/driver/LedBar" -I"C:/stm32_Harman/20250701 TimeWatch_StopWatch_RTOS/Core/driver/button" -I"C:/stm32_Harman/20250701 TimeWatch_StopWatch_RTOS/Core/ap/inc" -I"C:/stm32_Harman/20250701 TimeWatch_StopWatch_RTOS/Core/ap/src" -I"C:/stm32_Harman/20250701 TimeWatch_StopWatch_RTOS/Core/driver/LCD" -I../Middlewares/Third_Party/FreeRTOS/Source/include -I../Middlewares/Third_Party/FreeRTOS/Source/CMSIS_RTOS -I../Middlewares/Third_Party/FreeRTOS/Source/portable/GCC/ARM_CM4F -O0 -ffunction-sections -fdata-sections -Wall -fstack-usage -fcyclomatic-complexity -MMD -MP -MF"Core/ap/src/timewatch.d" -MT"Core/ap/src/timewatch.o" --specs=nano.specs -mfpu=fpv4-sp-d16 -mfloat-abi=hard -mthumb -o "Core/ap/src/timewatch.o"
arm-none-eabi-gcc -mcpu=cortex-m4 -g3 -DDEBUG -c -I"C:/stm32_Harman/20250701 TimeWatch_StopWatch_RTOS/Core/ap" -I"C:/stm32_Harman/20250701 TimeWatch_StopWatch_RTOS/Core/driver" -I"C:/stm32_Harman/20250701 TimeWatch_StopWatch_RTOS/Core/driver/FND" -I"C:/stm32_Harman/20250701 TimeWatch_StopWatch_RTOS/Core/driver/LedBar" -I"C:/stm32_Harman/20250701 TimeWatch_StopWatch_RTOS/Core/driver/button" -I"C:/stm32_Harman/20250701 TimeWatch_StopWatch_RTOS/Core/ap/inc" -I"C:/stm32_Harman/20250701 TimeWatch_StopWatch_RTOS/Core/ap/src" -I"C:/stm32_Harman/20250701 TimeWatch_StopWatch_RTOS/Core/driver/LCD" -I../Core/Inc -I../Drivers/STM32F4xx_HAL_Driver/Inc -I../Drivers/STM32F4xx_HAL_Driver/Inc/Legacy -I../Middlewares/Third_Party/FreeRTOS/Source/include -I../Middlewares/Third_Party/FreeRTOS/Source/CMSIS_RTOS -I../Middlewares/Third_Party/FreeRTOS/Source/portable/GCC/ARM_CM4F -I../Drivers/CMSIS/Device/ST/STM32F4xx/Include -I../Drivers/CMSIS/Include -x assembler-with-cpp -MMD -MP -MF"Core/Startup/startup_stm32f411retx.d" -MT"Core/Startup/startup_stm32f411retx.o" --specs=nano.specs -mfpu=fpv4-sp-d16 -mfloat-abi=hard -mthumb -o "Core/Startup/startup_stm32f411retx.o" "../Core/Startup/startup_stm32f411retx.s"
arm-none-eabi-gcc "../Core/Src/freertos.c" -mcpu=cortex-m4 -std=gnu11 -g3 -DDEBUG -DUSE_HAL_DRIVER -DSTM32F411xE -c -I../Core/Inc -I../Drivers/STM32F4xx_HAL_Driver/Inc -I../Drivers/STM32F4xx_HAL_Driver/Inc/Legacy -I../Drivers/CMSIS/Device/ST/STM32F4xx/Include -I../Drivers/CMSIS/Include -I"C:/stm32_Harman/20250701 TimeWatch_StopWatch_RTOS/Core/ap" -I"C:/stm32_Harman/20250701 TimeWatch_StopWatch_RTOS/Core/driver" -I"C:/stm32_Harman/20250701 TimeWatch_StopWatch_RTOS/Core/driver/FND" -I"C:/stm32_Harman/20250701 TimeWatch_StopWatch_RTOS/Core/driver/LedBar" -I"C:/stm32_Harman/20250701 TimeWatch_StopWatch_RTOS/Core/driver/button" -I"C:/stm32_Harman/20250701 TimeWatch_StopWatch_RTOS/Core/ap/inc" -I"C:/stm32_Harman/20250701 TimeWatch_StopWatch_RTOS/Core/ap/src" -I"C:/stm32_Harman/20250701 TimeWatch_StopWatch_RTOS/Core/driver/LCD" -I../Middlewares/Third_Party/FreeRTOS/Source/include -I../Middlewares/Third_Party/FreeRTOS/Source/CMSIS_RTOS -I../Middlewares/Third_Party/FreeRTOS/Source/portable/GCC/ARM_CM4F -O0 -ffunction-sections -fdata-sections -Wall -fstack-usage -fcyclomatic-complexity -MMD -MP -MF"Core/Src/freertos.d" -MT"Core/Src/freertos.o" --specs=nano.specs -mfpu=fpv4-sp-d16 -mfloat-abi=hard -mthumb -o "Core/Src/freertos.o"
arm-none-eabi-gcc "../Core/Src/gpio.c" -mcpu=cortex-m4 -std=gnu11 -g3 -DDEBUG -DUSE_HAL_DRIVER -DSTM32F411xE -c -I../Core/Inc -I../Drivers/STM32F4xx_HAL_Driver/Inc -I../Drivers/STM32F4xx_HAL_Driver/Inc/Legacy -I../Drivers/CMSIS/Device/ST/STM32F4xx/Include -I../Drivers/CMSIS/Include -I"C:/stm32_Harman/20250701 TimeWatch_StopWatch_RTOS/Core/ap" -I"C:/stm32_Harman/20250701 TimeWatch_StopWatch_RTOS/Core/driver" -I"C:/stm32_Harman/20250701 TimeWatch_StopWatch_RTOS/Core/driver/FND" -I"C:/stm32_Harman/20250701 TimeWatch_StopWatch_RTOS/Core/driver/LedBar" -I"C:/stm32_Harman/20250701 TimeWatch_StopWatch_RTOS/Core/driver/button" -I"C:/stm32_Harman/20250701 TimeWatch_StopWatch_RTOS/Core/ap/inc" -I"C:/stm32_Harman/20250701 TimeWatch_StopWatch_RTOS/Core/ap/src" -I"C:/stm32_Harman/20250701 TimeWatch_StopWatch_RTOS/Core/driver/LCD" -I../Middlewares/Third_Party/FreeRTOS/Source/include -I../Middlewares/Third_Party/FreeRTOS/Source/CMSIS_RTOS -I../Middlewares/Third_Party/FreeRTOS/Source/portable/GCC/ARM_CM4F -O0 -ffunction-sections -fdata-sections -Wall -fstack-usage -fcyclomatic-complexity -MMD -MP -MF"Core/Src/gpio.d" -MT"Core/Src/gpio.o" --specs=nano.specs -mfpu=fpv4-sp-d16 -mfloat-abi=hard -mthumb -o "Core/Src/gpio.o"
arm-none-eabi-gcc "../Core/Src/i2c.c" -mcpu=cortex-m4 -std=gnu11 -g3 -DDEBUG -DUSE_HAL_DRIVER -DSTM32F411xE -c -I../Core/Inc -I../Drivers/STM32F4xx_HAL_Driver/Inc -I../Drivers/STM32F4xx_HAL_Driver/Inc/Legacy -I../Drivers/CMSIS/Device/ST/STM32F4xx/Include -I../Drivers/CMSIS/Include -I"C:/stm32_Harman/20250701 TimeWatch_StopWatch_RTOS/Core/ap" -I"C:/stm32_Harman/20250701 TimeWatch_StopWatch_RTOS/Core/driver" -I"C:/stm32_Harman/20250701 TimeWatch_StopWatch_RTOS/Core/driver/FND" -I"C:/stm32_Harman/20250701 TimeWatch_StopWatch_RTOS/Core/driver/LedBar" -I"C:/stm32_Harman/20250701 TimeWatch_StopWatch_RTOS/Core/driver/button" -I"C:/stm32_Harman/20250701 TimeWatch_StopWatch_RTOS/Core/ap/inc" -I"C:/stm32_Harman/20250701 TimeWatch_StopWatch_RTOS/Core/ap/src" -I"C:/stm32_Harman/20250701 TimeWatch_StopWatch_RTOS/Core/driver/LCD" -I../Middlewares/Third_Party/FreeRTOS/Source/include -I../Middlewares/Third_Party/FreeRTOS/Source/CMSIS_RTOS -I../Middlewares/Third_Party/FreeRTOS/Source/portable/GCC/ARM_CM4F -O0 -ffunction-sections -fdata-sections -Wall -fstack-usage -fcyclomatic-complexity -MMD -MP -MF"Core/Src/i2c.d" -MT"Core/Src/i2c.o" --specs=nano.specs -mfpu=fpv4-sp-d16 -mfloat-abi=hard -mthumb -o "Core/Src/i2c.o"
arm-none-eabi-gcc "../Core/Src/main.c" -mcpu=cortex-m4 -std=gnu11 -g3 -DDEBUG -DUSE_HAL_DRIVER -DSTM32F411xE -c -I../Core/Inc -I../Drivers/STM32F4xx_HAL_Driver/Inc -I../Drivers/STM32F4xx_HAL_Driver/Inc/Legacy -I../Drivers/CMSIS/Device/ST/STM32F4xx/Include -I../Drivers/CMSIS/Include -I"C:/stm32_Harman/20250701 TimeWatch_StopWatch_RTOS/Core/ap" -I"C:/stm32_Harman/20250701 TimeWatch_StopWatch_RTOS/Core/driver" -I"C:/stm32_Harman/20250701 TimeWatch_StopWatch_RTOS/Core/driver/FND" -I"C:/stm32_Harman/20250701 TimeWatch_StopWatch_RTOS/Core/driver/LedBar" -I"C:/stm32_Harman/20250701 TimeWatch_StopWatch_RTOS/Core/driver/button" -I"C:/stm32_Harman/20250701 TimeWatch_StopWatch_RTOS/Core/ap/inc" -I"C:/stm32_Harman/20250701 TimeWatch_StopWatch_RTOS/Core/ap/src" -I"C:/stm32_Harman/20250701 TimeWatch_StopWatch_RTOS/Core/driver/LCD" -I../Middlewares/Third_Party/FreeRTOS/Source/include -I../Middlewares/Third_Party/FreeRTOS/Source/CMSIS_RTOS -I../Middlewares/Third_Party/FreeRTOS/Source/portable/GCC/ARM_CM4F -O0 -ffunction-sections -fdata-sections -Wall -fstack-usage -fcyclomatic-complexity -MMD -MP -MF"Core/Src/main.d" -MT"Core/Src/main.o" --specs=nano.specs -mfpu=fpv4-sp-d16 -mfloat-abi=hard -mthumb -o "Core/Src/main.o"
arm-none-eabi-gcc "../Core/Src/stm32f4xx_hal_msp.c" -mcpu=cortex-m4 -std=gnu11 -g3 -DDEBUG -DUSE_HAL_DRIVER -DSTM32F411xE -c -I../Core/Inc -I../Drivers/STM32F4xx_HAL_Driver/Inc -I../Drivers/STM32F4xx_HAL_Driver/Inc/Legacy -I../Drivers/CMSIS/Device/ST/STM32F4xx/Include -I../Drivers/CMSIS/Include -I"C:/stm32_Harman/20250701 TimeWatch_StopWatch_RTOS/Core/ap" -I"C:/stm32_Harman/20250701 TimeWatch_StopWatch_RTOS/Core/driver" -I"C:/stm32_Harman/20250701 TimeWatch_StopWatch_RTOS/Core/driver/FND" -I"C:/stm32_Harman/20250701 TimeWatch_StopWatch_RTOS/Core/driver/LedBar" -I"C:/stm32_Harman/20250701 TimeWatch_StopWatch_RTOS/Core/driver/button" -I"C:/stm32_Harman/20250701 TimeWatch_StopWatch_RTOS/Core/ap/inc" -I"C:/stm32_Harman/20250701 TimeWatch_StopWatch_RTOS/Core/ap/src" -I"C:/stm32_Harman/20250701 TimeWatch_StopWatch_RTOS/Core/driver/LCD" -I../Middlewares/Third_Party/FreeRTOS/Source/include -I../Middlewares/Third_Party/FreeRTOS/Source/CMSIS_RTOS -I../Middlewares/Third_Party/FreeRTOS/Source/portable/GCC/ARM_CM4F -O0 -ffunction-sections -fdata-sections -Wall -fstack-usage -fcyclomatic-complexity -MMD -MP -MF"Core/Src/stm32f4xx_hal_msp.d" -MT"Core/Src/stm32f4xx_hal_msp.o" --specs=nano.specs -mfpu=fpv4-sp-d16 -mfloat-abi=hard -mthumb -o "Core/Src/stm32f4xx_hal_msp.o"
arm-none-eabi-gcc "../Core/Src/stm32f4xx_hal_timebase_tim.c" -mcpu=cortex-m4 -std=gnu11 -g3 -DDEBUG -DUSE_HAL_DRIVER -DSTM32F411xE -c -I../Core/Inc -I../Drivers/STM32F4xx_HAL_Driver/Inc -I../Drivers/STM32F4xx_HAL_Driver/Inc/Legacy -I../Drivers/CMSIS/Device/ST/STM32F4xx/Include -I../Drivers/CMSIS/Include -I"C:/stm32_Harman/20250701 TimeWatch_StopWatch_RTOS/Core/ap" -I"C:/stm32_Harman/20250701 TimeWatch_StopWatch_RTOS/Core/driver" -I"C:/stm32_Harman/20250701 TimeWatch_StopWatch_RTOS/Core/driver/FND" -I"C:/stm32_Harman/20250701 TimeWatch_StopWatch_RTOS/Core/driver/LedBar" -I"C:/stm32_Harman/20250701 TimeWatch_StopWatch_RTOS/Core/driver/button" -I"C:/stm32_Harman/20250701 TimeWatch_StopWatch_RTOS/Core/ap/inc" -I"C:/stm32_Harman/20250701 TimeWatch_StopWatch_RTOS/Core/ap/src" -I"C:/stm32_Harman/20250701 TimeWatch_StopWatch_RTOS/Core/driver/LCD" -I../Middlewares/Third_Party/FreeRTOS/Source/include -I../Middlewares/Third_Party/FreeRTOS/Source/CMSIS_RTOS -I../Middlewares/Third_Party/FreeRTOS/Source/portable/GCC/ARM_CM4F -O0 -ffunction-sections -fdata-sections -Wall -fstack-usage -fcyclomatic-complexity -MMD -MP -MF"Core/Src/stm32f4xx_hal_timebase_tim.d" -MT"Core/Src/stm32f4xx_hal_timebase_tim.o" --specs=nano.specs -mfpu=fpv4-sp-d16 -mfloat-abi=hard -mthumb -o "Core/Src/stm32f4xx_hal_timebase_tim.o"
arm-none-eabi-gcc "../Core/Src/stm32f4xx_it.c" -mcpu=cortex-m4 -std=gnu11 -g3 -DDEBUG -DUSE_HAL_DRIVER -DSTM32F411xE -c -I../Core/Inc -I../Drivers/STM32F4xx_HAL_Driver/Inc -I../Drivers/STM32F4xx_HAL_Driver/Inc/Legacy -I../Drivers/CMSIS/Device/ST/STM32F4xx/Include -I../Drivers/CMSIS/Include -I"C:/stm32_Harman/20250701 TimeWatch_StopWatch_RTOS/Core/ap" -I"C:/stm32_Harman/20250701 TimeWatch_StopWatch_RTOS/Core/driver" -I"C:/stm32_Harman/20250701 TimeWatch_StopWatch_RTOS/Core/driver/FND" -I"C:/stm32_Harman/20250701 TimeWatch_StopWatch_RTOS/Core/driver/LedBar" -I"C:/stm32_Harman/20250701 TimeWatch_StopWatch_RTOS/Core/driver/button" -I"C:/stm32_Harman/20250701 TimeWatch_StopWatch_RTOS/Core/ap/inc" -I"C:/stm32_Harman/20250701 TimeWatch_StopWatch_RTOS/Core/ap/src" -I"C:/stm32_Harman/20250701 TimeWatch_StopWatch_RTOS/Core/driver/LCD" -I../Middlewares/Third_Party/FreeRTOS/Source/include -I../Middlewares/Third_Party/FreeRTOS/Source/CMSIS_RTOS -I../Middlewares/Third_Party/FreeRTOS/Source/portable/GCC/ARM_CM4F -O0 -ffunction-sections -fdata-sections -Wall -fstack-usage -fcyclomatic-complexity -MMD -MP -MF"Core/Src/stm32f4xx_it.d" -MT"Core/Src/stm32f4xx_it.o" --specs=nano.specs -mfpu=fpv4-sp-d16 -mfloat-abi=hard -mthumb -o "Core/Src/stm32f4xx_it.o"
arm-none-eabi-gcc "../Core/Src/syscalls.c" -mcpu=cortex-m4 -std=gnu11 -g3 -DDEBUG -DUSE_HAL_DRIVER -DSTM32F411xE -c -I../Core/Inc -I../Drivers/STM32F4xx_HAL_Driver/Inc -I../Drivers/STM32F4xx_HAL_Driver/Inc/Legacy -I../Drivers/CMSIS/Device/ST/STM32F4xx/Include -I../Drivers/CMSIS/Include -I"C:/stm32_Harman/20250701 TimeWatch_StopWatch_RTOS/Core/ap" -I"C:/stm32_Harman/20250701 TimeWatch_StopWatch_RTOS/Core/driver" -I"C:/stm32_Harman/20250701 TimeWatch_StopWatch_RTOS/Core/driver/FND" -I"C:/stm32_Harman/20250701 TimeWatch_StopWatch_RTOS/Core/driver/LedBar" -I"C:/stm32_Harman/20250701 TimeWatch_StopWatch_RTOS/Core/driver/button" -I"C:/stm32_Harman/20250701 TimeWatch_StopWatch_RTOS/Core/ap/inc" -I"C:/stm32_Harman/20250701 TimeWatch_StopWatch_RTOS/Core/ap/src" -I"C:/stm32_Harman/20250701 TimeWatch_StopWatch_RTOS/Core/driver/LCD" -I../Middlewares/Third_Party/FreeRTOS/Source/include -I../Middlewares/Third_Party/FreeRTOS/Source/CMSIS_RTOS -I../Middlewares/Third_Party/FreeRTOS/Source/portable/GCC/ARM_CM4F -O0 -ffunction-sections -fdata-sections -Wall -fstack-usage -fcyclomatic-complexity -MMD -MP -MF"Core/Src/syscalls.d" -MT"Core/Src/syscalls.o" --specs=nano.specs -mfpu=fpv4-sp-d16 -mfloat-abi=hard -mthumb -o "Core/Src/syscalls.o"
arm-none-eabi-gcc "../Core/Src/sysmem.c" -mcpu=cortex-m4 -std=gnu11 -g3 -DDEBUG -DUSE_HAL_DRIVER -DSTM32F411xE -c -I../Core/Inc -I../Drivers/STM32F4xx_HAL_Driver/Inc -I../Drivers/STM32F4xx_HAL_Driver/Inc/Legacy -I../Drivers/CMSIS/Device/ST/STM32F4xx/Include -I../Drivers/CMSIS/Include -I"C:/stm32_Harman/20250701 TimeWatch_StopWatch_RTOS/Core/ap" -I"C:/stm32_Harman/20250701 TimeWatch_StopWatch_RTOS/Core/driver" -I"C:/stm32_Harman/20250701 TimeWatch_StopWatch_RTOS/Core/driver/FND" -I"C:/stm32_Harman/20250701 TimeWatch_StopWatch_RTOS/Core/driver/LedBar" -I"C:/stm32_Harman/20250701 TimeWatch_StopWatch_RTOS/Core/driver/button" -I"C:/stm32_Harman/20250701 TimeWatch_StopWatch_RTOS/Core/ap/inc" -I"C:/stm32_Harman/20250701 TimeWatch_StopWatch_RTOS/Core/ap/src" -I"C:/stm32_Harman/20250701 TimeWatch_StopWatch_RTOS/Core/driver/LCD" -I../Middlewares/Third_Party/FreeRTOS/Source/include -I../Middlewares/Third_Party/FreeRTOS/Source/CMSIS_RTOS -I../Middlewares/Third_Party/FreeRTOS/Source/portable/GCC/ARM_CM4F -O0 -ffunction-sections -fdata-sections -Wall -fstack-usage -fcyclomatic-complexity -MMD -MP -MF"Core/Src/sysmem.d" -MT"Core/Src/sysmem.o" --specs=nano.specs -mfpu=fpv4-sp-d16 -mfloat-abi=hard -mthumb -o "Core/Src/sysmem.o"
arm-none-eabi-gcc "../Core/Src/system_stm32f4xx.c" -mcpu=cortex-m4 -std=gnu11 -g3 -DDEBUG -DUSE_HAL_DRIVER -DSTM32F411xE -c -I../Core/Inc -I../Drivers/STM32F4xx_HAL_Driver/Inc -I../Drivers/STM32F4xx_HAL_Driver/Inc/Legacy -I../Drivers/CMSIS/Device/ST/STM32F4xx/Include -I../Drivers/CMSIS/Include -I"C:/stm32_Harman/20250701 TimeWatch_StopWatch_RTOS/Core/ap" -I"C:/stm32_Harman/20250701 TimeWatch_StopWatch_RTOS/Core/driver" -I"C:/stm32_Harman/20250701 TimeWatch_StopWatch_RTOS/Core/driver/FND" -I"C:/stm32_Harman/20250701 TimeWatch_StopWatch_RTOS/Core/driver/LedBar" -I"C:/stm32_Harman/20250701 TimeWatch_StopWatch_RTOS/Core/driver/button" -I"C:/stm32_Harman/20250701 TimeWatch_StopWatch_RTOS/Core/ap/inc" -I"C:/stm32_Harman/20250701 TimeWatch_StopWatch_RTOS/Core/ap/src" -I"C:/stm32_Harman/20250701 TimeWatch_StopWatch_RTOS/Core/driver/LCD" -I../Middlewares/Third_Party/FreeRTOS/Source/include -I../Middlewares/Third_Party/FreeRTOS/Source/CMSIS_RTOS -I../Middlewares/Third_Party/FreeRTOS/Source/portable/GCC/ARM_CM4F -O0 -ffunction-sections -fdata-sections -Wall -fstack-usage -fcyclomatic-complexity -MMD -MP -MF"Core/Src/system_stm32f4xx.d" -MT"Core/Src/system_stm32f4xx.o" --specs=nano.specs -mfpu=fpv4-sp-d16 -mfloat-abi=hard -mthumb -o "Core/Src/system_stm32f4xx.o"
arm-none-eabi-gcc "../Core/Src/tim.c" -mcpu=cortex-m4 -std=gnu11 -g3 -DDEBUG -DUSE_HAL_DRIVER -DSTM32F411xE -c -I../Core/Inc -I../Drivers/STM32F4xx_HAL_Driver/Inc -I../Drivers/STM32F4xx_HAL_Driver/Inc/Legacy -I../Drivers/CMSIS/Device/ST/STM32F4xx/Include -I../Drivers/CMSIS/Include -I"C:/stm32_Harman/20250701 TimeWatch_StopWatch_RTOS/Core/ap" -I"C:/stm32_Harman/20250701 TimeWatch_StopWatch_RTOS/Core/driver" -I"C:/stm32_Harman/20250701 TimeWatch_StopWatch_RTOS/Core/driver/FND" -I"C:/stm32_Harman/20250701 TimeWatch_StopWatch_RTOS/Core/driver/LedBar" -I"C:/stm32_Harman/20250701 TimeWatch_StopWatch_RTOS/Core/driver/button" -I"C:/stm32_Harman/20250701 TimeWatch_StopWatch_RTOS/Core/ap/inc" -I"C:/stm32_Harman/20250701 TimeWatch_StopWatch_RTOS/Core/ap/src" -I"C:/stm32_Harman/20250701 TimeWatch_StopWatch_RTOS/Core/driver/LCD" -I../Middlewares/Third_Party/FreeRTOS/Source/include -I../Middlewares/Third_Party/FreeRTOS/Source/CMSIS_RTOS -I../Middlewares/Third_Party/FreeRTOS/Source/portable/GCC/ARM_CM4F -O0 -ffunction-sections -fdata-sections -Wall -fstack-usage -fcyclomatic-complexity -MMD -MP -MF"Core/Src/tim.d" -MT"Core/Src/tim.o" --specs=nano.specs -mfpu=fpv4-sp-d16 -mfloat-abi=hard -mthumb -o "Core/Src/tim.o"
arm-none-eabi-gcc "../Core/Src/usart.c" -mcpu=cortex-m4 -std=gnu11 -g3 -DDEBUG -DUSE_HAL_DRIVER -DSTM32F411xE -c -I../Core/Inc -I../Drivers/STM32F4xx_HAL_Driver/Inc -I../Drivers/STM32F4xx_HAL_Driver/Inc/Legacy -I../Drivers/CMSIS/Device/ST/STM32F4xx/Include -I../Drivers/CMSIS/Include -I"C:/stm32_Harman/20250701 TimeWatch_StopWatch_RTOS/Core/ap" -I"C:/stm32_Harman/20250701 TimeWatch_StopWatch_RTOS/Core/driver" -I"C:/stm32_Harman/20250701 TimeWatch_StopWatch_RTOS/Core/driver/FND" -I"C:/stm32_Harman/20250701 TimeWatch_StopWatch_RTOS/Core/driver/LedBar" -I"C:/stm32_Harman/20250701 TimeWatch_StopWatch_RTOS/Core/driver/button" -I"C:/stm32_Harman/20250701 TimeWatch_StopWatch_RTOS/Core/ap/inc" -I"C:/stm32_Harman/20250701 TimeWatch_StopWatch_RTOS/Core/ap/src" -I"C:/stm32_Harman/20250701 TimeWatch_StopWatch_RTOS/Core/driver/LCD" -I../Middlewares/Third_Party/FreeRTOS/Source/include -I../Middlewares/Third_Party/FreeRTOS/Source/CMSIS_RTOS -I../Middlewares/Third_Party/FreeRTOS/Source/portable/GCC/ARM_CM4F -O0 -ffunction-sections -fdata-sections -Wall -fstack-usage -fcyclomatic-complexity -MMD -MP -MF"Core/Src/usart.d" -MT"Core/Src/usart.o" --specs=nano.specs -mfpu=fpv4-sp-d16 -mfloat-abi=hard -mthumb -o "Core/Src/usart.o"
../Middlewares/Third_Party/FreeRTOS/Source/queue.c:151:17: error: unknown type name 'QueueHandle_t'
  151 |                 QueueHandle_t xHandle;
      |                 ^~~~~~~~~~~~~
../Middlewares/Third_Party/FreeRTOS/Source/queue.c:255:32: error: unknown type name 'QueueHandle_t'; did you mean 'xQueueHandle'?
  255 | BaseType_t xQueueGenericReset( QueueHandle_t xQueue, BaseType_t xNewQueue )
      |                                ^~~~~~~~~~~~~
      |                                xQueueHandle
../Middlewares/Third_Party/FreeRTOS/Source/queue.c:310:9: error: unknown type name 'QueueHandle_t'; did you mean 'xQueueHandle'?
  310 |         QueueHandle_t xQueueGenericCreateStatic( const UBaseType_t uxQueueLength, const UBaseType_t uxItemSize, uint8_t *pucQueueStorage, StaticQueue_t *pxStaticQueue, const uint8_t ucQueueType )
      |         ^~~~~~~~~~~~~
      |         xQueueHandle
../Middlewares/Third_Party/FreeRTOS/Source/queue.c: In function 'xQueueGenericCreateStatic':
../Middlewares/Third_Party/FreeRTOS/Source/queue.c:360:24: warning: returning 'Queue_t *' {aka 'struct QueueDefinition *'} from a function with return type 'int' makes integer from pointer without a cast [-Wint-conversion]
  360 |                 return pxNewQueue;
      |                        ^~~~~~~~~~
../Middlewares/Third_Party/FreeRTOS/Source/queue.c: At top level:
../Middlewares/Third_Party/FreeRTOS/Source/queue.c:368:9: error: unknown type name 'QueueHandle_t'; did you mean 'xQueueHandle'?
  368 |         QueueHandle_t xQueueGenericCreate( const UBaseType_t uxQueueLength, const UBaseType_t uxItemSize, const uint8_t ucQueueType )
      |         ^~~~~~~~~~~~~
      |         xQueueHandle
../Middlewares/Third_Party/FreeRTOS/Source/queue.c: In function 'xQueueGenericCreate':
../Middlewares/Third_Party/FreeRTOS/Source/queue.c:416:24: warning: returning 'Queue_t *' {aka 'struct QueueDefinition *'} from a function with return type 'int' makes integer from pointer without a cast [-Wint-conversion]
  416 |                 return pxNewQueue;
      |                        ^~~~~~~~~~
../Core/ap/src/queue.c:10:6: error: conflicting types for 'Que_Init'; have 'void(Que_TypeDef *, int)'
   10 | void Que_Init(Que_TypeDef *q, int size)
      |      ^~~~~~~~
In file included from ../Core/ap/src/queue.c:5:
C:/stm32_Harman/20250701 TimeWatch_StopWatch_RTOS/Core/ap/inc/queue.h:27:6: note: previous declaration of 'Que_Init' with type 'void(Que_TypeDef *)'
   27 | void Que_Init(Que_TypeDef *q);
      |      ^~~~~~~~
../Core/ap/src/queue.c: In function 'enQue':
../Core/ap/src/queue.c:46:37: error: 'pData' undeclared (first use in this function); did you mean 'pdata'?
   46 |         memcpy(q->queData[q->rear], pData, q->typeSize);
      |                                     ^~~~~
      |                                     pdata
../Core/ap/src/queue.c:46:37: note: each undeclared identifier is reported only once for each function it appears in
../Middlewares/Third_Party/FreeRTOS/Source/queue.c: In function 'prvInitialiseNewQueue':
../Middlewares/Third_Party/FreeRTOS/Source/queue.c:446:18: warning: implicit declaration of function 'xQueueGenericReset'; did you mean 'xQueueGenericCreate'? [-Wimplicit-function-declaration]
  446 |         ( void ) xQueueGenericReset( pxNewQueue, pdTRUE );
      |                  ^~~~~~~~~~~~~~~~~~
      |                  xQueueGenericCreate
../Middlewares/Third_Party/FreeRTOS/Source/queue.c: In function 'prvInitialiseMutex':
../Middlewares/Third_Party/FreeRTOS/Source/queue.c:483:34: warning: implicit declaration of function 'xQueueGenericSend'; did you mean 'xQueueGenericCreate'? [-Wimplicit-function-declaration]
  483 |                         ( void ) xQueueGenericSend( pxNewQueue, NULL, ( TickType_t ) 0U, queueSEND_TO_BACK );
      |                                  ^~~~~~~~~~~~~~~~~
      |                                  xQueueGenericCreate
../Core/ap/src/Listener.c: In function 'Listener_CheckUart':
../Core/ap/src/Listener.c:78:19: error: too few arguments to function 'deQue'
   78 |         rcvData = deQue(&uartRxQue);
      |                   ^~~~~
In file included from C:/stm32_Harman/20250701 TimeWatch_StopWatch_RTOS/Core/ap/inc/Listener.h:14,
                 from ../Core/ap/src/Listener.c:9:
C:/stm32_Harman/20250701 TimeWatch_StopWatch_RTOS/Core/ap/inc/queue.h:34:6: note: declared here
   34 | bool deQue(Que_TypeDef *q, void *pData);
      |      ^~~~~
../Core/ap/src/Listener.c: In function 'Listener_UartCallBack':
../Core/ap/src/Listener.c:103:27: warning: passing argument 2 of 'enQue' makes pointer from integer without a cast [-Wint-conversion]
  103 |         enQue(&uartRxQue, rcvData);
      |                           ^~~~~~~
      |                           |
      |                           uint8_t {aka unsigned char}
C:/stm32_Harman/20250701 TimeWatch_StopWatch_RTOS/Core/ap/inc/queue.h:33:34: note: expected 'void *' but argument is of type 'uint8_t' {aka 'unsigned char'}
   33 | bool enQue(Que_TypeDef *q, void* pdata);
      |                            ~~~~~~^~~~~
../Middlewares/Third_Party/FreeRTOS/Source/queue.c:483:90: error: 'queueSEND_TO_BACK' undeclared (first use in this function)
  483 |                         ( void ) xQueueGenericSend( pxNewQueue, NULL, ( TickType_t ) 0U, queueSEND_TO_BACK );
      |                                                                                          ^~~~~~~~~~~~~~~~~
../Middlewares/Third_Party/FreeRTOS/Source/queue.c:483:90: note: each undeclared identifier is reported only once for each function it appears in
make: *** [Core/ap/src/subdir.mk:37: Core/ap/src/queue.o] Error 1
make: *** Waiting for unfinished jobs....
../Middlewares/Third_Party/FreeRTOS/Source/queue.c: At top level:
../Middlewares/Third_Party/FreeRTOS/Source/queue.c:496:9: error: unknown type name 'QueueHandle_t'; did you mean 'xQueueHandle'?
  496 |         QueueHandle_t xQueueCreateMutex( const uint8_t ucQueueType )
      |         ^~~~~~~~~~~~~
      |         xQueueHandle
make: *** [Core/ap/src/subdir.mk:37: Core/ap/src/Listener.o] Error 1
../Middlewares/Third_Party/FreeRTOS/Source/queue.c: In function 'xQueueCreateMutex':
../Middlewares/Third_Party/FreeRTOS/Source/queue.c:498:9: error: unknown type name 'QueueHandle_t'; did you mean 'xQueueHandle'?
  498 |         QueueHandle_t xNewQueue;
      |         ^~~~~~~~~~~~~
      |         xQueueHandle
../Middlewares/Third_Party/FreeRTOS/Source/queue.c: At top level:
../Middlewares/Third_Party/FreeRTOS/Source/queue.c:512:9: error: unknown type name 'QueueHandle_t'; did you mean 'xQueueHandle'?
  512 |         QueueHandle_t xQueueCreateMutexStatic( const uint8_t ucQueueType, StaticQueue_t *pxStaticQueue )
      |         ^~~~~~~~~~~~~
      |         xQueueHandle
../Core/Src/freertos.c: In function 'ListenerThread':
../Core/Src/freertos.c:161:5: warning: implicit declaration of function 'Listener_Init' [-Wimplicit-function-declaration]
  161 |     Listener_Init();
      |     ^~~~~~~~~~~~~
../Middlewares/Third_Party/FreeRTOS/Source/queue.c: In function 'xQueueCreateMutexStatic':
../Middlewares/Third_Party/FreeRTOS/Source/queue.c:514:9: error: unknown type name 'QueueHandle_t'; did you mean 'xQueueHandle'?
  514 |         QueueHandle_t xNewQueue;
      |         ^~~~~~~~~~~~~
      |         xQueueHandle
../Middlewares/Third_Party/FreeRTOS/Source/queue.c: At top level:
../Middlewares/Third_Party/FreeRTOS/Source/queue.c:740:31: error: unknown type name 'QueueHandle_t'; did you mean 'xQueueHandle'?
  740 | BaseType_t xQueueGenericSend( QueueHandle_t xQueue, const void * const pvItemToQueue, TickType_t xTicksToWait, const BaseType_t xCopyPosition )
      |                               ^~~~~~~~~~~~~
      |                               xQueueHandle
../Core/Src/freertos.c:164:10: warning: implicit declaration of function 'Listener_execute' [-Wimplicit-function-declaration]
  164 |          Listener_execute();
      |          ^~~~~~~~~~~~~~~~
../Core/Src/freertos.c: In function 'PresenterThread':
../Core/Src/freertos.c:199:26: error: 'htim2' undeclared (first use in this function)
  199 |   HAL_TIM_Base_Start_IT(&htim2);
      |                          ^~~~~
../Core/Src/freertos.c:199:26: note: each undeclared identifier is reported only once for each function it appears in
../Middlewares/Third_Party/FreeRTOS/Source/queue.c:950:38: error: unknown type name 'QueueHandle_t'; did you mean 'xQueueHandle'?
  950 | BaseType_t xQueueGenericSendFromISR( QueueHandle_t xQueue, const void * const pvItemToQueue, BaseType_t * const pxHigherPriorityTaskWoken, const BaseType_t xCopyPosition )
      |                                      ^~~~~~~~~~~~~
      |                                      xQueueHandle
../Core/Src/freertos.c:202:9: warning: implicit declaration of function 'Presenter_Excute' [-Wimplicit-function-declaration]
  202 |         Presenter_Excute();
      |         ^~~~~~~~~~~~~~~~
../Middlewares/Third_Party/FreeRTOS/Source/queue.c:1112:31: error: unknown type name 'QueueHandle_t'; did you mean 'xQueueHandle'?
 1112 | BaseType_t xQueueGiveFromISR( QueueHandle_t xQueue, BaseType_t * const pxHigherPriorityTaskWoken )
      |                               ^~~~~~~~~~~~~
      |                               xQueueHandle
../Middlewares/Third_Party/FreeRTOS/Source/queue.c:1277:27: error: unknown type name 'QueueHandle_t'; did you mean 'xQueueHandle'?
 1277 | BaseType_t xQueueReceive( QueueHandle_t xQueue, void * const pvBuffer, TickType_t xTicksToWait )
      |                           ^~~~~~~~~~~~~
      |                           xQueueHandle
../Middlewares/Third_Party/FreeRTOS/Source/queue.c:1418:33: error: unknown type name 'QueueHandle_t'; did you mean 'xQueueHandle'?
 1418 | BaseType_t xQueueSemaphoreTake( QueueHandle_t xQueue, TickType_t xTicksToWait )
      |                                 ^~~~~~~~~~~~~
      |                                 xQueueHandle
make: *** [Core/Src/subdir.mk:52: Core/Src/freertos.o] Error 1
../Middlewares/Third_Party/FreeRTOS/Source/queue.c:1636:24: error: unknown type name 'QueueHandle_t'; did you mean 'xQueueHandle'?
 1636 | BaseType_t xQueuePeek( QueueHandle_t xQueue, void * const pvBuffer, TickType_t xTicksToWait )
      |                        ^~~~~~~~~~~~~
      |                        xQueueHandle
../Middlewares/Third_Party/FreeRTOS/Source/queue.c:1785:34: error: unknown type name 'QueueHandle_t'; did you mean 'xQueueHandle'?
 1785 | BaseType_t xQueueReceiveFromISR( QueueHandle_t xQueue, void * const pvBuffer, BaseType_t * const pxHigherPriorityTaskWoken )
      |                                  ^~~~~~~~~~~~~
      |                                  xQueueHandle
../Middlewares/Third_Party/FreeRTOS/Source/queue.c:1876:31: error: unknown type name 'QueueHandle_t'; did you mean 'xQueueHandle'?
 1876 | BaseType_t xQueuePeekFromISR( QueueHandle_t xQueue,  void * const pvBuffer )
      |                               ^~~~~~~~~~~~~
      |                               xQueueHandle
../Middlewares/Third_Party/FreeRTOS/Source/queue.c:1930:43: error: unknown type name 'QueueHandle_t'
 1930 | UBaseType_t uxQueueMessagesWaiting( const QueueHandle_t xQueue )
      |                                           ^~~~~~~~~~~~~
../Middlewares/Third_Party/FreeRTOS/Source/queue.c:1946:43: error: unknown type name 'QueueHandle_t'
 1946 | UBaseType_t uxQueueSpacesAvailable( const QueueHandle_t xQueue )
      |                                           ^~~~~~~~~~~~~
../Middlewares/Third_Party/FreeRTOS/Source/queue.c: In function 'uxQueueSpacesAvailable':
../Middlewares/Third_Party/FreeRTOS/Source/queue.c:1949:27: warning: initialization of 'Queue_t * const' {aka 'struct QueueDefinition * const'} from 'int' makes pointer from integer without a cast [-Wint-conversion]
 1949 | Queue_t * const pxQueue = xQueue;
      |                           ^~~~~~
../Middlewares/Third_Party/FreeRTOS/Source/queue.c: At top level:
../Middlewares/Third_Party/FreeRTOS/Source/queue.c:1963:50: error: unknown type name 'QueueHandle_t'
 1963 | UBaseType_t uxQueueMessagesWaitingFromISR( const QueueHandle_t xQueue )
      |                                                  ^~~~~~~~~~~~~
../Middlewares/Third_Party/FreeRTOS/Source/queue.c: In function 'uxQueueMessagesWaitingFromISR':
../Middlewares/Third_Party/FreeRTOS/Source/queue.c:1966:27: warning: initialization of 'Queue_t * const' {aka 'struct QueueDefinition * const'} from 'int' makes pointer from integer without a cast [-Wint-conversion]
 1966 | Queue_t * const pxQueue = xQueue;
      |                           ^~~~~~
../Middlewares/Third_Party/FreeRTOS/Source/queue.c: At top level:
../Middlewares/Third_Party/FreeRTOS/Source/queue.c:1975:20: error: unknown type name 'QueueHandle_t'; did you mean 'xQueueHandle'?
 1975 | void vQueueDelete( QueueHandle_t xQueue )
      |                    ^~~~~~~~~~~~~
      |                    xQueueHandle
../Middlewares/Third_Party/FreeRTOS/Source/queue.c: In function 'prvCopyDataToQueue':
../Middlewares/Third_Party/FreeRTOS/Source/queue.c:2100:31: error: 'queueSEND_TO_BACK' undeclared (first use in this function)
 2100 |         else if( xPosition == queueSEND_TO_BACK )
      |                               ^~~~~~~~~~~~~~~~~
../Middlewares/Third_Party/FreeRTOS/Source/queue.c:2126:34: error: 'queueOVERWRITE' undeclared (first use in this function)
 2126 |                 if( xPosition == queueOVERWRITE )
      |                                  ^~~~~~~~~~~~~~
../Middlewares/Third_Party/FreeRTOS/Source/queue.c: At top level:
../Middlewares/Third_Party/FreeRTOS/Source/queue.c:2312:45: error: unknown type name 'QueueHandle_t'
 2312 | BaseType_t xQueueIsQueueEmptyFromISR( const QueueHandle_t xQueue )
      |                                             ^~~~~~~~~~~~~
../Middlewares/Third_Party/FreeRTOS/Source/queue.c: In function 'xQueueIsQueueEmptyFromISR':
../Middlewares/Third_Party/FreeRTOS/Source/queue.c:2315:27: warning: initialization of 'Queue_t * const' {aka 'struct QueueDefinition * const'} from 'int' makes pointer from integer without a cast [-Wint-conversion]
 2315 | Queue_t * const pxQueue = xQueue;
      |                           ^~~~~~
../Middlewares/Third_Party/FreeRTOS/Source/queue.c: At top level:
../Middlewares/Third_Party/FreeRTOS/Source/queue.c:2352:44: error: unknown type name 'QueueHandle_t'
 2352 | BaseType_t xQueueIsQueueFullFromISR( const QueueHandle_t xQueue )
      |                                            ^~~~~~~~~~~~~
../Middlewares/Third_Party/FreeRTOS/Source/queue.c: In function 'xQueueIsQueueFullFromISR':
../Middlewares/Third_Party/FreeRTOS/Source/queue.c:2355:27: warning: initialization of 'Queue_t * const' {aka 'struct QueueDefinition * const'} from 'int' makes pointer from integer without a cast [-Wint-conversion]
 2355 | Queue_t * const pxQueue = xQueue;
      |                           ^~~~~~
../Middlewares/Third_Party/FreeRTOS/Source/queue.c: At top level:
../Middlewares/Third_Party/FreeRTOS/Source/queue.c:2648:35: error: unknown type name 'QueueHandle_t'; did you mean 'xQueueHandle'?
 2648 |         void vQueueAddToRegistry( QueueHandle_t xQueue, const char *pcQueueName ) /*lint !e971 Unqualified char types are allowed for strings and single characters only. */
      |                                   ^~~~~~~~~~~~~
      |                                   xQueueHandle
../Middlewares/Third_Party/FreeRTOS/Source/queue.c:2677:37: error: unknown type name 'QueueHandle_t'; did you mean 'xQueueHandle'?
 2677 |         const char *pcQueueGetName( QueueHandle_t xQueue ) /*lint !e971 Unqualified char types are allowed for strings and single characters only. */
      |                                     ^~~~~~~~~~~~~
      |                                     xQueueHandle
../Middlewares/Third_Party/FreeRTOS/Source/queue.c:2705:37: error: unknown type name 'QueueHandle_t'; did you mean 'xQueueHandle'?
 2705 |         void vQueueUnregisterQueue( QueueHandle_t xQueue )
      |                                     ^~~~~~~~~~~~~
      |                                     xQueueHandle
../Middlewares/Third_Party/FreeRTOS/Source/queue.c:2331:19: warning: 'prvIsQueueFull' defined but not used [-Wunused-function]
 2331 | static BaseType_t prvIsQueueFull( const Queue_t *pxQueue )
      |                   ^~~~~~~~~~~~~~
../Middlewares/Third_Party/FreeRTOS/Source/queue.c:2291:19: warning: 'prvIsQueueEmpty' defined but not used [-Wunused-function]
 2291 | static BaseType_t prvIsQueueEmpty( const Queue_t *pxQueue )
      |                   ^~~~~~~~~~~~~~~
../Middlewares/Third_Party/FreeRTOS/Source/queue.c:2171:13: warning: 'prvUnlockQueue' defined but not used [-Wunused-function]
 2171 | static void prvUnlockQueue( Queue_t * const pxQueue )
      |             ^~~~~~~~~~~~~~
../Middlewares/Third_Party/FreeRTOS/Source/queue.c:2153:13: warning: 'prvCopyDataFromQueue' defined but not used [-Wunused-function]
 2153 | static void prvCopyDataFromQueue( Queue_t * const pxQueue, void * const pvBuffer )
      |             ^~~~~~~~~~~~~~~~~~~~
../Middlewares/Third_Party/FreeRTOS/Source/queue.c:2074:19: warning: 'prvCopyDataToQueue' defined but not used [-Wunused-function]
 2074 | static BaseType_t prvCopyDataToQueue( Queue_t * const pxQueue, const void *pvItemToQueue, const BaseType_t xPosition )
      |                   ^~~~~~~~~~~~~~~~~~
../Middlewares/Third_Party/FreeRTOS/Source/queue.c:2049:28: warning: 'prvGetDisinheritPriorityAfterTimeout' defined but not used [-Wunused-function]
 2049 |         static UBaseType_t prvGetDisinheritPriorityAfterTimeout( const Queue_t * const pxQueue )
      |                            ^~~~~~~~~~~~~~~~~~~~~~~~~~~~~~~~~~~~
make: *** [Middlewares/Third_Party/FreeRTOS/Source/subdir.mk:37: Middlewares/Third_Party/FreeRTOS/Source/queue.o] Error 1
"make -j16 all" terminated with exit code 2. Build might be incomplete.

11:17:54 Build Failed. 37 errors, 18 warnings. (took 1s.245ms)

